TN:
SF:src/index.js
FNF:0
FNH:0
DA:9,0
DA:10,0
DA:11,0
DA:12,0
DA:15,0
DA:16,0
DA:17,0
DA:20,0
LF:8
LH:0
BRF:0
BRH:0
end_of_record
TN:
SF:src/config/configSchema.js
FN:125,validateOrganizationConfig
FN:134,(anonymous_1)
FN:152,validateWorkflowConfig
FN:169,(anonymous_3)
FN:178,(anonymous_4)
FN:178,(anonymous_5)
FN:202,validateHierarchyConfig
FN:217,(anonymous_7)
FN:226,(anonymous_8)
FN:226,(anonymous_9)
FNF:10
FNH:0
FNDA:0,validateOrganizationConfig
FNDA:0,(anonymous_1)
FNDA:0,validateWorkflowConfig
FNDA:0,(anonymous_3)
FNDA:0,(anonymous_4)
FNDA:0,(anonymous_5)
FNDA:0,validateHierarchyConfig
FNDA:0,(anonymous_7)
FNDA:0,(anonymous_8)
FNDA:0,(anonymous_9)
DA:6,0
DA:11,0
DA:22,0
DA:38,0
DA:126,0
DA:131,0
DA:132,0
DA:134,0
DA:142,0
DA:153,0
DA:161,0
DA:166,0
DA:167,0
DA:169,0
DA:178,0
DA:179,0
DA:180,0
DA:181,0
DA:192,0
DA:203,0
DA:209,0
DA:214,0
DA:215,0
DA:217,0
DA:226,0
DA:227,0
DA:228,0
DA:229,0
DA:241,0
DA:242,0
DA:243,0
DA:253,0
DA:260,0
LF:33
LH:0
BRDA:131,0,0,0
BRDA:131,0,1,0
BRDA:166,1,0,0
BRDA:166,1,1,0
BRDA:180,2,0,0
BRDA:180,2,1,0
BRDA:214,3,0,0
BRDA:214,3,1,0
BRDA:228,4,0,0
BRDA:228,4,1,0
BRDA:242,5,0,0
BRDA:242,5,1,0
BRF:12
BRH:0
end_of_record
TN:
SF:src/config/hierarchyConfig.js
FN:10,(anonymous_0)
FN:17,(anonymous_1)
FN:39,(anonymous_2)
FN:64,(anonymous_3)
FN:97,(anonymous_4)
FN:114,(anonymous_5)
FN:141,(anonymous_6)
FN:157,(anonymous_7)
FN:171,(anonymous_8)
FN:183,(anonymous_9)
FN:187,(anonymous_10)
FN:194,(anonymous_11)
FN:214,(anonymous_12)
FN:220,(anonymous_13)
FN:235,(anonymous_14)
FN:269,(anonymous_15)
FN:290,(anonymous_16)
FN:292,(anonymous_17)
FN:293,(anonymous_18)
FN:299,(anonymous_19)
FN:314,(anonymous_20)
FN:316,(anonymous_21)
FN:319,(anonymous_22)
FN:326,(anonymous_23)
FNF:24
FNH:0
FNDA:0,(anonymous_0)
FNDA:0,(anonymous_1)
FNDA:0,(anonymous_2)
FNDA:0,(anonymous_3)
FNDA:0,(anonymous_4)
FNDA:0,(anonymous_5)
FNDA:0,(anonymous_6)
FNDA:0,(anonymous_7)
FNDA:0,(anonymous_8)
FNDA:0,(anonymous_9)
FNDA:0,(anonymous_10)
FNDA:0,(anonymous_11)
FNDA:0,(anonymous_12)
FNDA:0,(anonymous_13)
FNDA:0,(anonymous_14)
FNDA:0,(anonymous_15)
FNDA:0,(anonymous_16)
FNDA:0,(anonymous_17)
FNDA:0,(anonymous_18)
FNDA:0,(anonymous_19)
FNDA:0,(anonymous_20)
FNDA:0,(anonymous_21)
FNDA:0,(anonymous_22)
FNDA:0,(anonymous_23)
DA:11,0
DA:18,0
DA:40,0
DA:42,0
DA:44,0
DA:45,0
DA:47,0
DA:48,0
DA:50,0
DA:51,0
DA:54,0
DA:55,0
DA:58,0
DA:65,0
DA:81,0
DA:82,0
DA:84,0
DA:85,0
DA:86,0
DA:87,0
DA:91,0
DA:98,0
DA:99,0
DA:100,0
DA:102,0
DA:103,0
DA:104,0
DA:105,0
DA:108,0
DA:115,0
DA:120,0
DA:121,0
DA:123,0
DA:124,0
DA:126,0
DA:127,0
DA:129,0
DA:132,0
DA:135,0
DA:142,0
DA:143,0
DA:144,0
DA:146,0
DA:147,0
DA:148,0
DA:151,0
DA:158,0
DA:159,0
DA:161,0
DA:162,0
DA:170,0
DA:171,0
DA:173,0
DA:177,0
DA:184,0
DA:186,0
DA:187,0
DA:195,0
DA:196,0
DA:198,0
DA:199,0
DA:200,0
DA:202,0
DA:203,0
DA:214,0
DA:221,0
DA:222,0
DA:223,0
DA:225,0
DA:227,0
DA:228,0
DA:235,0
DA:236,0
DA:237,0
DA:244,0
DA:245,0
DA:251,0
DA:252,0
DA:260,0
DA:271,0
DA:273,0
DA:275,0
DA:277,0
DA:279,0
DA:281,0
DA:283,0
DA:291,0
DA:292,0
DA:293,0
DA:300,0
DA:301,0
DA:303,0
DA:304,0
DA:305,0
DA:308,0
DA:316,0
DA:317,0
DA:319,0
DA:320,0
DA:321,0
DA:322,0
DA:325,0
DA:326,0
DA:329,0
DA:333,0
LF:105
LH:0
BRDA:11,0,0,0
BRDA:11,0,1,0
BRDA:39,1,0,0
BRDA:42,2,0,0
BRDA:42,2,1,0
BRDA:42,2,2,0
BRDA:42,2,3,0
BRDA:42,2,4,0
BRDA:97,3,0,0
BRDA:98,4,0,0
BRDA:98,4,1,0
BRDA:126,5,0,0
BRDA:126,5,1,0
BRDA:143,6,0,0
BRDA:143,6,1,0
BRDA:170,7,0,0
BRDA:170,7,1,0
BRDA:184,8,0,0
BRDA:184,8,1,0
BRDA:223,9,0,0
BRDA:223,9,1,0
BRDA:227,10,0,0
BRDA:227,10,1,0
BRDA:236,11,0,0
BRDA:236,11,1,0
BRDA:236,12,0,0
BRDA:236,12,1,0
BRDA:244,13,0,0
BRDA:244,13,1,0
BRDA:251,14,0,0
BRDA:251,14,1,0
BRDA:273,15,0,0
BRDA:273,15,1,0
BRDA:273,15,2,0
BRDA:273,15,3,0
BRDA:273,15,4,0
BRF:36
BRH:0
end_of_record
TN:
SF:src/config/organizationConfig.js
FN:10,(anonymous_0)
FN:19,(anonymous_1)
FN:53,(anonymous_2)
FN:94,(anonymous_3)
FN:95,(anonymous_4)
FN:96,(anonymous_5)
FN:190,(anonymous_6)
FN:218,(anonymous_7)
FN:253,(anonymous_8)
FN:277,(anonymous_9)
FN:292,(anonymous_10)
FN:325,(anonymous_11)
FN:351,(anonymous_12)
FN:362,(anonymous_13)
FN:392,(anonymous_14)
FN:396,(anonymous_15)
FN:415,(anonymous_16)
FNF:17
FNH:7
FNDA:1,(anonymous_0)
FNDA:1,(anonymous_1)
FNDA:2,(anonymous_2)
FNDA:0,(anonymous_3)
FNDA:0,(anonymous_4)
FNDA:0,(anonymous_5)
FNDA:1,(anonymous_6)
FNDA:1,(anonymous_7)
FNDA:1,(anonymous_8)
FNDA:0,(anonymous_9)
FNDA:2,(anonymous_10)
FNDA:0,(anonymous_11)
FNDA:0,(anonymous_12)
FNDA:0,(anonymous_13)
FNDA:0,(anonymous_14)
FNDA:0,(anonymous_15)
FNDA:0,(anonymous_16)
DA:6,1
DA:7,1
DA:11,1
DA:12,1
DA:21,1
DA:22,0
DA:25,1
DA:28,1
DA:29,1
DA:30,0
DA:34,1
DA:35,1
DA:38,1
DA:39,1
DA:40,1
DA:41,1
DA:46,1
DA:47,1
DA:54,2
DA:94,0
DA:95,0
DA:96,0
DA:191,1
DA:193,1
DA:199,1
DA:200,0
DA:204,1
DA:205,0
DA:208,1
DA:210,0
DA:211,0
DA:219,1
DA:221,1
DA:222,0
DA:225,1
DA:226,0
DA:229,1
DA:230,0
DA:231,0
DA:236,0
DA:240,1
DA:241,0
DA:247,1
DA:254,1
DA:255,1
DA:261,1
DA:262,0
DA:263,0
DA:266,1
DA:267,1
DA:268,1
DA:269,1
DA:272,1
DA:273,1
DA:276,1
DA:277,0
DA:279,0
DA:280,0
DA:288,1
DA:293,2
DA:298,1
DA:299,1
DA:300,1
DA:303,0
DA:304,0
DA:305,0
DA:307,0
DA:311,1
DA:312,1
DA:313,1
DA:315,1
DA:317,0
DA:318,0
DA:326,0
DA:327,0
DA:336,0
DA:338,0
DA:341,0
DA:343,0
DA:344,0
DA:352,0
DA:353,0
DA:355,0
DA:363,0
DA:366,0
DA:367,0
DA:371,0
DA:372,0
DA:376,0
DA:377,0
DA:378,0
DA:382,0
DA:393,0
DA:395,0
DA:396,0
DA:397,0
DA:398,0
DA:399,0
DA:401,0
DA:404,0
DA:409,0
DA:416,0
DA:420,1
LF:103
LH:48
BRDA:19,0,0,0
BRDA:21,1,0,0
BRDA:21,1,1,1
BRDA:29,2,0,0
BRDA:29,2,1,1
BRDA:38,3,0,1
BRDA:38,3,1,0
BRDA:40,4,0,1
BRDA:40,4,1,0
BRDA:199,5,0,0
BRDA:199,5,1,1
BRDA:204,6,0,0
BRDA:204,6,1,1
BRDA:221,7,0,0
BRDA:221,7,1,1
BRDA:225,8,0,0
BRDA:225,8,1,1
BRDA:229,9,0,0
BRDA:229,9,1,1
BRDA:240,10,0,0
BRDA:240,10,1,1
BRDA:261,11,0,0
BRDA:261,11,1,1
BRDA:261,12,0,1
BRDA:261,12,1,1
BRDA:267,13,0,1
BRDA:267,13,1,1
BRDA:268,14,0,1
BRDA:268,14,1,0
BRDA:269,15,0,0
BRDA:269,15,1,1
BRDA:276,16,0,0
BRDA:276,16,1,1
BRDA:276,17,0,1
BRDA:276,17,1,0
BRDA:279,18,0,0
BRDA:279,18,1,0
BRDA:279,19,0,0
BRDA:279,19,1,0
BRDA:288,20,0,1
BRDA:288,20,1,1
BRDA:288,20,2,1
BRDA:288,20,3,1
BRDA:288,20,4,1
BRDA:293,21,0,2
BRDA:293,21,1,2
BRDA:293,21,2,2
BRDA:298,22,0,1
BRDA:298,22,1,0
BRDA:304,23,0,0
BRDA:304,23,1,0
BRDA:312,24,0,1
BRDA:312,24,1,0
BRDA:313,25,0,1
BRDA:313,25,1,0
BRDA:336,26,0,0
BRDA:336,26,1,0
BRDA:351,27,0,0
BRDA:352,28,0,0
BRDA:352,28,1,0
BRDA:366,29,0,0
BRDA:366,29,1,0
BRDA:371,30,0,0
BRDA:371,30,1,0
BRDA:371,31,0,0
BRDA:371,31,1,0
BRDA:371,31,2,0
BRDA:376,32,0,0
BRDA:376,32,1,0
BRDA:376,33,0,0
BRDA:376,33,1,0
BRDA:377,34,0,0
BRDA:377,34,1,0
BRDA:377,35,0,0
BRDA:377,35,1,0
BRDA:395,36,0,0
BRDA:395,36,1,0
BRDA:395,37,0,0
BRDA:395,37,1,0
BRDA:397,38,0,0
BRDA:397,38,1,0
BRDA:398,39,0,0
BRDA:398,39,1,0
BRDA:416,40,0,0
BRDA:416,40,1,0
BRDA:416,40,2,0
BRF:86
BRH:30
end_of_record
TN:
SF:src/config/workflowConfig.js
FN:7,(anonymous_0)
FN:14,(anonymous_1)
FN:38,(anonymous_2)
FN:52,(anonymous_3)
FN:86,(anonymous_4)
FN:113,(anonymous_5)
FN:119,(anonymous_6)
FN:127,(anonymous_7)
FN:171,(anonymous_8)
FN:198,(anonymous_9)
FN:208,(anonymous_10)
FN:228,(anonymous_11)
FN:252,(anonymous_12)
FNF:13
FNH:0
FNDA:0,(anonymous_0)
FNDA:0,(anonymous_1)
FNDA:0,(anonymous_2)
FNDA:0,(anonymous_3)
FNDA:0,(anonymous_4)
FNDA:0,(anonymous_5)
FNDA:0,(anonymous_6)
FNDA:0,(anonymous_7)
FNDA:0,(anonymous_8)
FNDA:0,(anonymous_9)
FNDA:0,(anonymous_10)
FNDA:0,(anonymous_11)
FNDA:0,(anonymous_12)
DA:8,0
DA:16,0
DA:17,0
DA:18,0
DA:21,0
DA:23,0
DA:33,0
DA:34,0
DA:38,0
DA:41,0
DA:42,0
DA:44,0
DA:45,0
DA:53,0
DA:87,0
DA:88,0
DA:99,0
DA:100,0
DA:103,0
DA:105,0
DA:106,0
DA:114,0
DA:115,0
DA:118,0
DA:119,0
DA:121,0
DA:128,0
DA:130,0
DA:133,0
DA:139,0
DA:140,0
DA:144,0
DA:145,0
DA:147,0
DA:148,0
DA:149,0
DA:150,0
DA:161,0
DA:163,0
DA:164,0
DA:172,0
DA:173,0
DA:186,0
DA:188,0
DA:190,0
DA:191,0
DA:199,0
DA:201,0
DA:206,0
DA:208,0
DA:211,0
DA:224,0
DA:227,0
DA:228,0
DA:229,0
DA:230,0
DA:231,0
DA:236,0
DA:239,0
DA:244,0
DA:245,0
DA:253,0
DA:254,0
DA:256,0
DA:261,0
LF:65
LH:0
BRDA:17,0,0,0
BRDA:17,0,1,0
BRDA:33,1,0,0
BRDA:33,1,1,0
BRDA:33,2,0,0
BRDA:33,2,1,0
BRDA:99,3,0,0
BRDA:99,3,1,0
BRDA:99,4,0,0
BRDA:99,4,1,0
BRDA:99,4,2,0
BRDA:114,5,0,0
BRDA:114,5,1,0
BRDA:118,6,0,0
BRDA:118,6,1,0
BRDA:121,7,0,0
BRDA:121,7,1,0
BRDA:139,8,0,0
BRDA:139,8,1,0
BRDA:139,9,0,0
BRDA:139,9,1,0
BRDA:144,10,0,0
BRDA:144,10,1,0
BRDA:147,11,0,0
BRDA:147,11,1,0
BRDA:149,12,0,0
BRDA:149,12,1,0
BRDA:149,13,0,0
BRDA:149,13,1,0
BRDA:186,14,0,0
BRDA:186,14,1,0
BRDA:206,15,0,0
BRDA:206,15,1,0
BRDA:224,16,0,0
BRDA:224,16,1,0
BRDA:230,17,0,0
BRDA:230,17,1,0
BRDA:252,18,0,0
BRDA:253,19,0,0
BRDA:253,19,1,0
BRF:40
BRH:0
end_of_record
TN:
SF:src/middleware/globalAdmin.js
FN:11,isGlobalAdmin
FN:45,getAccessibleOrganizations
FN:83,(anonymous_2)
FN:100,attachGlobalAdminStatus
FN:114,requireGlobalAdmin
FNF:5
FNH:4
FNDA:35,isGlobalAdmin
FNDA:12,getAccessibleOrganizations
FNDA:0,(anonymous_2)
FNDA:4,attachGlobalAdminStatus
FNDA:8,requireGlobalAdmin
DA:12,35
DA:13,2
DA:16,33
DA:17,33
DA:26,26
DA:27,2
DA:28,2
DA:31,24
DA:33,7
DA:34,7
DA:46,12
DA:47,0
DA:50,12
DA:52,12
DA:54,12
DA:56,2
DA:61,2
DA:62,2
DA:65,10
DA:80,0
DA:83,0
DA:92,1
DA:93,1
DA:101,4
DA:102,2
DA:103,2
DA:105,2
DA:106,2
DA:108,2
DA:115,8
DA:116,5
DA:121,3
DA:124,3
LF:33
LH:30
BRDA:12,0,0,2
BRDA:12,0,1,33
BRDA:26,1,0,2
BRDA:26,1,1,24
BRDA:46,2,0,0
BRDA:46,2,1,12
BRDA:54,3,0,2
BRDA:54,3,1,10
BRDA:61,4,0,0
BRDA:61,4,1,2
BRDA:62,5,0,2
BRDA:62,5,1,0
BRDA:80,6,0,0
BRDA:80,6,1,0
BRDA:83,7,0,0
BRDA:83,7,1,0
BRDA:101,8,0,2
BRDA:101,8,1,2
BRDA:115,9,0,5
BRDA:115,9,1,3
BRF:20
BRH:13
end_of_record
TN:
SF:src/middleware/roleAuth.js
FN:10,hasRole
FN:48,requireOwner
FN:61,requireAdmin
FN:74,requireMember
FN:87,requirePermission
FN:88,(anonymous_5)
FN:135,canApproveStage
FN:185,requireStageApproval
FN:186,(anonymous_8)
FN:210,getUserRole
FN:242,attachUserRole
FNF:11
FNH:5
FNDA:29,hasRole
FNDA:2,requireOwner
FNDA:5,requireAdmin
FNDA:0,requireMember
FNDA:0,requirePermission
FNDA:0,(anonymous_5)
FNDA:0,canApproveStage
FNDA:0,requireStageApproval
FNDA:0,(anonymous_8)
FNDA:3,getUserRole
FNDA:2,attachUserRole
DA:11,29
DA:12,1
DA:15,28
DA:16,28
DA:23,28
DA:24,28
DA:31,28
DA:32,3
DA:35,25
DA:36,25
DA:38,25
DA:40,0
DA:41,0
DA:49,2
DA:50,1
DA:55,1
DA:62,5
DA:63,3
DA:68,2
DA:75,0
DA:76,0
DA:81,0
DA:88,0
DA:89,0
DA:90,0
DA:96,0
DA:98,0
DA:99,0
DA:106,0
DA:107,0
DA:113,0
DA:114,0
DA:115,0
DA:121,0
DA:123,0
DA:124,0
DA:136,0
DA:137,0
DA:140,0
DA:142,0
DA:144,0
DA:155,0
DA:156,0
DA:159,0
DA:162,0
DA:169,0
DA:170,0
DA:174,0
DA:175,0
DA:177,0
DA:178,0
DA:186,0
DA:187,0
DA:189,0
DA:190,0
DA:196,0
DA:197,0
DA:203,0
DA:211,3
DA:212,0
DA:215,3
DA:217,3
DA:218,3
DA:225,3
DA:226,1
DA:229,2
DA:234,0
DA:235,0
DA:243,2
DA:244,1
DA:246,2
DA:249,1
LF:72
LH:28
BRDA:11,0,0,1
BRDA:11,0,1,28
BRDA:11,1,0,29
BRDA:11,1,1,28
BRDA:31,2,0,3
BRDA:31,2,1,25
BRDA:31,3,0,28
BRDA:31,3,1,27
BRDA:31,3,2,27
BRDA:35,4,0,25
BRDA:35,4,1,1
BRDA:36,5,0,25
BRDA:36,5,1,0
BRDA:49,6,0,1
BRDA:49,6,1,1
BRDA:62,7,0,3
BRDA:62,7,1,2
BRDA:75,8,0,0
BRDA:75,8,1,0
BRDA:89,9,0,0
BRDA:89,9,1,0
BRDA:89,10,0,0
BRDA:89,10,1,0
BRDA:106,11,0,0
BRDA:106,11,1,0
BRDA:106,12,0,0
BRDA:106,12,1,0
BRDA:106,12,2,0
BRDA:113,13,0,0
BRDA:113,13,1,0
BRDA:114,14,0,0
BRDA:114,14,1,0
BRDA:136,15,0,0
BRDA:136,15,1,0
BRDA:155,16,0,0
BRDA:155,16,1,0
BRDA:155,17,0,0
BRDA:155,17,1,0
BRDA:169,18,0,0
BRDA:169,18,1,0
BRDA:169,19,0,0
BRDA:169,19,1,0
BRDA:169,19,2,0
BRDA:174,20,0,0
BRDA:174,20,1,0
BRDA:185,21,0,0
BRDA:187,22,0,0
BRDA:187,22,1,0
BRDA:189,23,0,0
BRDA:189,23,1,0
BRDA:196,24,0,0
BRDA:196,24,1,0
BRDA:211,25,0,0
BRDA:211,25,1,3
BRDA:211,26,0,3
BRDA:211,26,1,3
BRDA:225,27,0,1
BRDA:225,27,1,2
BRDA:225,28,0,3
BRDA:225,28,1,3
BRDA:225,28,2,2
BRDA:231,29,0,2
BRDA:231,29,1,0
BRDA:243,30,0,1
BRDA:243,30,1,1
BRDA:243,31,0,2
BRDA:243,31,1,1
BRF:67
BRH:29
end_of_record
TN:
SF:src/middleware/setup-required.js
FN:7,(anonymous_0)
FN:16,(anonymous_1)
FN:50,(anonymous_2)
FN:87,(anonymous_3)
FN:97,(anonymous_4)
FN:113,(anonymous_5)
FN:121,(anonymous_6)
FN:125,(anonymous_7)
FN:132,(anonymous_8)
FN:143,(anonymous_9)
FNF:10
FNH:0
FNDA:0,(anonymous_0)
FNDA:0,(anonymous_1)
FNDA:0,(anonymous_2)
FNDA:0,(anonymous_3)
FNDA:0,(anonymous_4)
FNDA:0,(anonymous_5)
FNDA:0,(anonymous_6)
FNDA:0,(anonymous_7)
FNDA:0,(anonymous_8)
FNDA:0,(anonymous_9)
DA:8,0
DA:9,0
DA:10,0
DA:18,0
DA:19,0
DA:20,0
DA:23,0
DA:25,0
DA:31,0
DA:32,0
DA:33,0
DA:35,0
DA:38,0
DA:39,0
DA:41,0
DA:42,0
DA:43,0
DA:52,0
DA:53,0
DA:57,0
DA:61,0
DA:65,0
DA:67,0
DA:69,0
DA:70,0
DA:76,0
DA:81,0
DA:88,0
DA:89,0
DA:94,0
DA:97,0
DA:98,0
DA:99,0
DA:100,0
DA:101,0
DA:107,0
DA:110,0
DA:113,0
DA:114,0
DA:115,0
DA:116,0
DA:118,0
DA:121,0
DA:122,0
DA:125,0
DA:127,0
DA:128,0
DA:132,0
DA:133,0
DA:137,0
DA:143,0
DA:147,0
LF:52
LH:0
BRDA:19,0,0,0
BRDA:19,0,1,0
BRDA:19,1,0,0
BRDA:19,1,1,0
BRDA:19,1,2,0
BRDA:31,2,0,0
BRDA:31,2,1,0
BRDA:35,3,0,0
BRDA:35,3,1,0
BRDA:52,4,0,0
BRDA:52,4,1,0
BRDA:52,5,0,0
BRDA:52,5,1,0
BRDA:57,6,0,0
BRDA:57,6,1,0
BRDA:57,7,0,0
BRDA:57,7,1,0
BRDA:57,7,2,0
BRDA:57,7,3,0
BRDA:67,8,0,0
BRDA:67,8,1,0
BRDA:69,9,0,0
BRDA:69,9,1,0
BRDA:69,10,0,0
BRDA:69,10,1,0
BRDA:99,11,0,0
BRDA:99,11,1,0
BRDA:100,12,0,0
BRDA:100,12,1,0
BRDA:100,13,0,0
BRDA:100,13,1,0
BRDA:115,14,0,0
BRDA:115,14,1,0
BRF:33
BRH:0
end_of_record
TN:
SF:src/parsers/hierarchyDetector.js
FN:12,(anonymous_0)
FN:39,(anonymous_1)
FN:45,(anonymous_2)
FN:118,(anonymous_3)
FN:125,(anonymous_4)
FN:146,(anonymous_5)
FN:209,(anonymous_6)
FN:215,(anonymous_7)
FN:248,(anonymous_8)
FN:276,(anonymous_9)
FN:311,(anonymous_10)
FN:335,(anonymous_11)
FN:358,(anonymous_12)
FNF:13
FNH:8
FNDA:18,(anonymous_0)
FNDA:330,(anonymous_1)
FNDA:36,(anonymous_2)
FNDA:36,(anonymous_3)
FNDA:1151,(anonymous_4)
FNDA:0,(anonymous_5)
FNDA:0,(anonymous_6)
FNDA:0,(anonymous_7)
FNDA:5,(anonymous_8)
FNDA:174,(anonymous_9)
FNDA:100,(anonymous_10)
FNDA:0,(anonymous_11)
FNDA:0,(anonymous_12)
DA:6,5
DA:13,18
DA:14,18
DA:16,18
DA:18,36
DA:20,36
DA:21,36
DA:23,36
DA:24,150
DA:39,330
DA:46,36
DA:49,36
DA:50,36
DA:54,36
DA:56,36
DA:59,18
DA:66,18
DA:70,18
DA:77,18
DA:81,0
DA:88,0
DA:92,0
DA:99,0
DA:103,0
DA:112,36
DA:119,36
DA:126,1151
DA:128,45
DA:131,0
DA:134,0
DA:138,1106
DA:147,0
DA:190,0
DA:192,0
DA:193,0
DA:195,0
DA:196,0
DA:209,0
DA:216,0
DA:217,0
DA:219,0
DA:221,0
DA:222,0
DA:225,0
DA:227,0
DA:233,0
DA:234,0
DA:236,0
DA:239,0
DA:242,0
DA:249,5
DA:250,5
DA:251,5
DA:254,5
DA:256,5
DA:257,110
DA:260,110
DA:261,0
DA:268,110
DA:269,0
DA:276,174
DA:277,110
DA:278,8
DA:285,110
DA:286,100
DA:291,100
DA:292,0
DA:299,110
DA:302,5
DA:312,100
DA:314,100
DA:316,28
DA:319,72
DA:322,0
DA:325,0
DA:328,0
DA:336,0
DA:339,0
DA:340,0
DA:341,0
DA:350,0
DA:351,0
DA:352,0
DA:357,0
DA:358,0
DA:359,0
DA:362,0
DA:371,5
LF:88
LH:45
BRDA:13,0,0,18
BRDA:13,0,1,0
BRDA:56,1,0,18
BRDA:56,1,1,18
BRDA:56,1,2,0
BRDA:56,1,3,0
BRDA:56,1,4,0
BRDA:126,2,0,45
BRDA:126,2,1,0
BRDA:126,2,2,0
BRDA:126,2,3,96
BRDA:126,2,4,1106
BRDA:138,3,0,1106
BRDA:138,3,1,1007
BRDA:221,4,0,0
BRDA:221,4,1,0
BRDA:225,5,0,0
BRDA:225,5,1,0
BRDA:229,6,0,0
BRDA:229,6,1,0
BRDA:233,7,0,0
BRDA:233,7,1,0
BRDA:250,8,0,5
BRDA:250,8,1,3
BRDA:251,9,0,5
BRDA:251,9,1,3
BRDA:260,10,0,0
BRDA:260,10,1,110
BRDA:262,11,0,0
BRDA:262,11,1,0
BRDA:268,12,0,0
BRDA:268,12,1,110
BRDA:268,13,0,110
BRDA:268,13,1,0
BRDA:270,14,0,0
BRDA:270,14,1,0
BRDA:277,15,0,8
BRDA:277,15,1,102
BRDA:279,16,0,8
BRDA:279,16,1,0
BRDA:285,17,0,100
BRDA:285,17,1,10
BRDA:285,18,0,110
BRDA:285,18,1,102
BRDA:285,18,2,102
BRDA:291,19,0,0
BRDA:291,19,1,100
BRDA:293,20,0,0
BRDA:293,20,1,0
BRDA:314,21,0,28
BRDA:314,21,1,72
BRDA:314,21,2,0
BRDA:314,21,3,0
BRDA:314,21,4,0
BRDA:340,22,0,0
BRDA:340,22,1,0
BRDA:351,23,0,0
BRDA:351,23,1,0
BRF:58
BRH:26
end_of_record
TN:
SF:src/parsers/numberingSchemes.js
FN:10,(anonymous_0)
FN:47,(anonymous_1)
FN:83,(anonymous_2)
FN:104,(anonymous_3)
FN:129,(anonymous_4)
FN:136,(anonymous_5)
FN:146,(anonymous_6)
FN:175,(anonymous_7)
FN:176,(anonymous_8)
FN:182,(anonymous_9)
FN:184,(anonymous_10)
FN:184,(anonymous_11)
FN:190,(anonymous_12)
FN:210,(anonymous_13)
FN:242,(anonymous_14)
FN:266,(anonymous_15)
FN:273,(anonymous_16)
FNF:17
FNH:1
FNDA:0,(anonymous_0)
FNDA:45,(anonymous_1)
FNDA:0,(anonymous_2)
FNDA:0,(anonymous_3)
FNDA:0,(anonymous_4)
FNDA:0,(anonymous_5)
FNDA:0,(anonymous_6)
FNDA:0,(anonymous_7)
FNDA:0,(anonymous_8)
FNDA:0,(anonymous_9)
FNDA:0,(anonymous_10)
FNDA:0,(anonymous_11)
FNDA:0,(anonymous_12)
FNDA:0,(anonymous_13)
FNDA:0,(anonymous_14)
FNDA:0,(anonymous_15)
FNDA:0,(anonymous_16)
DA:11,0
DA:12,0
DA:15,0
DA:31,0
DA:32,0
DA:34,0
DA:35,0
DA:36,0
DA:37,0
DA:41,0
DA:48,45
DA:49,0
DA:52,45
DA:57,45
DA:58,45
DA:61,45
DA:62,86
DA:64,86
DA:65,0
DA:68,86
DA:69,6
DA:71,80
DA:74,86
DA:77,45
DA:84,0
DA:85,0
DA:88,0
DA:89,0
DA:90,0
DA:92,0
DA:93,0
DA:94,0
DA:95,0
DA:98,0
DA:105,0
DA:106,0
DA:109,0
DA:110,0
DA:111,0
DA:113,0
DA:114,0
DA:116,0
DA:117,0
DA:120,0
DA:123,0
DA:130,0
DA:137,0
DA:138,0
DA:140,0
DA:147,0
DA:150,0
DA:153,0
DA:158,0
DA:159,0
DA:160,0
DA:161,0
DA:162,0
DA:164,0
DA:165,0
DA:169,0
DA:176,0
DA:183,0
DA:184,0
DA:191,0
DA:193,0
DA:196,0
DA:199,0
DA:203,0
DA:213,0
DA:215,0
DA:216,0
DA:217,0
DA:220,0
DA:221,0
DA:222,0
DA:225,0
DA:226,0
DA:227,0
DA:231,0
DA:232,0
DA:233,0
DA:236,0
DA:243,0
DA:245,0
DA:247,0
DA:250,0
DA:253,0
DA:256,0
DA:259,0
DA:267,0
DA:274,0
DA:275,0
DA:278,0
DA:280,0
DA:281,0
DA:283,0
DA:284,0
DA:286,0
DA:287,0
DA:289,0
DA:290,0
DA:293,0
DA:297,5
LF:103
LH:13
BRDA:11,0,0,0
BRDA:11,0,1,0
BRDA:11,1,0,0
BRDA:11,1,1,0
BRDA:48,2,0,0
BRDA:48,2,1,45
BRDA:48,3,0,45
BRDA:48,3,1,45
BRDA:64,4,0,0
BRDA:64,4,1,86
BRDA:68,5,0,6
BRDA:68,5,1,80
BRDA:83,6,0,0
BRDA:84,7,0,0
BRDA:84,7,1,0
BRDA:88,8,0,0
BRDA:88,8,1,0
BRDA:104,9,0,0
BRDA:105,10,0,0
BRDA:105,10,1,0
BRDA:105,11,0,0
BRDA:105,11,1,0
BRDA:109,12,0,0
BRDA:109,12,1,0
BRDA:110,13,0,0
BRDA:110,13,1,0
BRDA:116,14,0,0
BRDA:116,14,1,0
BRDA:116,15,0,0
BRDA:116,15,1,0
BRDA:129,16,0,0
BRDA:140,17,0,0
BRDA:140,17,1,0
BRDA:140,17,2,0
BRDA:158,18,0,0
BRDA:158,18,1,0
BRDA:159,19,0,0
BRDA:159,19,1,0
BRDA:160,20,0,0
BRDA:160,20,1,0
BRDA:161,21,0,0
BRDA:161,21,1,0
BRDA:162,22,0,0
BRDA:162,22,1,0
BRDA:164,23,0,0
BRDA:164,23,1,0
BRDA:166,24,0,0
BRDA:166,24,1,0
BRDA:175,25,0,0
BRDA:176,26,0,0
BRDA:176,26,1,0
BRDA:182,27,0,0
BRDA:183,28,0,0
BRDA:183,28,1,0
BRDA:191,29,0,0
BRDA:191,29,1,0
BRDA:191,29,2,0
BRDA:191,29,3,0
BRDA:191,29,4,0
BRDA:213,30,0,0
BRDA:213,30,1,0
BRDA:213,30,2,0
BRDA:213,30,3,0
BRDA:213,30,4,0
BRDA:245,31,0,0
BRDA:245,31,1,0
BRDA:245,31,2,0
BRDA:245,31,3,0
BRDA:245,31,4,0
BRDA:247,32,0,0
BRDA:247,32,1,0
BRDA:250,33,0,0
BRDA:250,33,1,0
BRDA:253,34,0,0
BRDA:253,34,1,0
BRDA:256,35,0,0
BRDA:256,35,1,0
BRDA:274,36,0,0
BRDA:274,36,1,0
BRDA:274,37,0,0
BRDA:274,37,1,0
BRDA:280,38,0,0
BRDA:280,38,1,0
BRDA:283,39,0,0
BRDA:283,39,1,0
BRDA:286,40,0,0
BRDA:286,40,1,0
BRDA:289,41,0,0
BRDA:289,41,1,0
BRF:89
BRH:6
end_of_record
TN:
SF:src/parsers/wordParser.js
FN:14,(anonymous_0)
FN:60,(anonymous_1)
FN:72,(anonymous_2)
FN:76,(anonymous_3)
FN:115,(anonymous_4)
FN:133,(anonymous_5)
FN:146,(anonymous_6)
FN:251,(anonymous_7)
FN:268,(anonymous_8)
FN:326,(anonymous_9)
FN:334,(anonymous_10)
FN:350,(anonymous_11)
FN:399,(anonymous_12)
FN:412,(anonymous_13)
FN:420,(anonymous_14)
FN:423,(anonymous_15)
FN:439,(anonymous_16)
FN:442,(anonymous_17)
FN:487,(anonymous_18)
FN:502,(anonymous_19)
FN:521,(anonymous_20)
FN:578,(anonymous_21)
FN:581,(anonymous_22)
FN:582,(anonymous_23)
FN:590,(anonymous_24)
FN:603,(anonymous_25)
FN:605,(anonymous_26)
FN:631,(anonymous_27)
FN:634,(anonymous_28)
FN:648,(anonymous_29)
FN:652,(anonymous_30)
FN:653,(anonymous_31)
FN:659,(anonymous_32)
FN:664,(anonymous_33)
FN:669,(anonymous_34)
FN:674,(anonymous_35)
FN:675,(anonymous_36)
FN:692,(anonymous_37)
FN:701,(anonymous_38)
FN:702,(anonymous_39)
FN:703,(anonymous_40)
FNF:41
FNH:38
FNDA:4,(anonymous_0)
FNDA:39565,(anonymous_1)
FNDA:40,(anonymous_2)
FNDA:345,(anonymous_3)
FNDA:150,(anonymous_4)
FNDA:18,(anonymous_5)
FNDA:150,(anonymous_6)
FNDA:0,(anonymous_7)
FNDA:96,(anonymous_8)
FNDA:95,(anonymous_9)
FNDA:162,(anonymous_10)
FNDA:31,(anonymous_11)
FNDA:16,(anonymous_12)
FNDA:21,(anonymous_13)
FNDA:55,(anonymous_14)
FNDA:94,(anonymous_15)
FNDA:57822,(anonymous_16)
FNDA:1365,(anonymous_17)
FNDA:11,(anonymous_18)
FNDA:21,(anonymous_19)
FNDA:14,(anonymous_20)
FNDA:102,(anonymous_21)
FNDA:310,(anonymous_22)
FNDA:310,(anonymous_23)
FNDA:30,(anonymous_24)
FNDA:1109,(anonymous_25)
FNDA:167,(anonymous_26)
FNDA:0,(anonymous_27)
FNDA:0,(anonymous_28)
FNDA:5,(anonymous_29)
FNDA:110,(anonymous_30)
FNDA:6,(anonymous_31)
FNDA:1,(anonymous_32)
FNDA:6,(anonymous_33)
FNDA:5,(anonymous_34)
FNDA:110,(anonymous_35)
FNDA:110,(anonymous_36)
FNDA:8,(anonymous_37)
FNDA:7,(anonymous_38)
FNDA:13,(anonymous_39)
FNDA:13,(anonymous_40)
DA:6,5
DA:7,5
DA:8,5
DA:15,4
DA:17,4
DA:20,1
DA:25,1
DA:26,0
DA:30,1
DA:36,1
DA:47,1
DA:48,1
DA:61,39565
DA:73,40
DA:76,40
DA:77,345
DA:82,40
DA:83,40
DA:84,40
DA:86,40
DA:88,712
DA:90,712
DA:91,106
DA:92,106
DA:93,106
DA:98,40
DA:100,4
DA:101,4
DA:103,4
DA:106,36
DA:109,40
DA:116,150
DA:117,150
DA:119,150
DA:120,37829
DA:121,37829
DA:122,150
DA:124,37679
DA:127,0
DA:134,18
DA:135,18
DA:136,18
DA:137,18
DA:140,18
DA:143,18
DA:146,18
DA:147,150
DA:148,150
DA:151,18
DA:154,18
DA:155,18
DA:159,18
DA:161,103
DA:164,103
DA:165,39456
DA:166,39456
DA:169,39456
DA:172,37858
DA:175,34798
DA:176,91
DA:177,91
DA:178,91
DA:184,18
DA:185,1315
DA:186,1315
DA:189,1315
DA:190,51
DA:193,1264
DA:195,91
DA:196,76
DA:197,76
DA:200,91
DA:201,91
DA:203,91
DA:205,91
DA:214,91
DA:217,91
DA:218,32
DA:221,1173
DA:223,247
DA:224,926
DA:231,18
DA:232,15
DA:233,15
DA:237,18
DA:240,18
DA:243,18
DA:245,18
DA:252,0
DA:258,0
DA:269,96
DA:272,96
DA:275,96
DA:279,96
DA:281,96
DA:283,32
DA:292,64
DA:293,61
DA:301,3
DA:302,3
DA:303,3
DA:310,0
DA:311,0
DA:317,0
DA:329,95
DA:331,63
DA:334,162
DA:336,63
DA:337,62
DA:342,33
DA:351,31
DA:352,31
DA:353,31
DA:355,31
DA:357,31
DA:359,133
DA:361,133
DA:363,117
DA:364,117
DA:367,16
DA:368,16
DA:369,16
DA:372,16
DA:374,12
DA:375,12
DA:378,12
DA:379,11
DA:380,11
DA:382,1
DA:384,4
DA:386,4
DA:387,4
DA:390,16
DA:394,31
DA:395,12
DA:396,12
DA:399,16
DA:400,12
DA:402,19
DA:405,31
DA:413,21
DA:416,21
DA:419,21
DA:420,55
DA:423,21
DA:424,94
DA:425,94
DA:431,21
DA:432,21
DA:434,21
DA:435,1332
DA:436,1332
DA:439,57822
DA:441,1332
DA:442,1365
DA:443,94
DA:444,1238
DA:447,1224
DA:448,1224
DA:449,250
DA:455,21
DA:456,21
DA:462,21
DA:463,1332
DA:464,1332
DA:466,1332
DA:468,13
DA:469,11
DA:471,13
DA:472,13
DA:473,1319
DA:475,10
DA:476,10
DA:481,21
DA:482,1
DA:485,21
DA:486,6
DA:487,11
DA:492,15
DA:496,21
DA:503,21
DA:504,15
DA:507,6
DA:508,6
DA:510,6
DA:511,11
DA:514,11
DA:515,1
DA:516,1
DA:520,10
DA:521,14
DA:524,10
DA:526,2
DA:527,2
DA:530,2
DA:531,2
DA:535,2
DA:537,8
DA:539,4
DA:551,4
DA:552,4
DA:555,4
DA:567,4
DA:568,4
DA:572,6
DA:579,102
DA:581,310
DA:582,310
DA:592,30
DA:593,30
DA:596,30
DA:597,9
DA:598,9
DA:600,30
DA:601,30
DA:603,30
DA:605,1109
DA:608,1109
DA:609,36
DA:610,36
DA:611,1073
DA:612,1065
DA:615,1109
DA:632,0
DA:634,0
DA:649,5
DA:652,110
DA:653,6
DA:655,5
DA:656,1
DA:659,1
DA:664,6
DA:665,5
DA:666,3
DA:669,5
DA:674,110
DA:675,110
DA:676,5
DA:677,1
DA:685,5
DA:686,5
DA:691,5
DA:692,8
DA:700,5
DA:701,7
DA:702,13
DA:703,13
DA:708,5
LF:248
LH:239
BRDA:25,0,0,0
BRDA:25,0,1,1
BRDA:90,1,0,106
BRDA:90,1,1,606
BRDA:92,2,0,4
BRDA:92,2,1,102
BRDA:98,3,0,4
BRDA:98,3,1,36
BRDA:100,4,0,4
BRDA:100,4,1,0
BRDA:121,5,0,150
BRDA:121,5,1,37679
BRDA:169,6,0,1598
BRDA:169,6,1,37858
BRDA:172,7,0,3060
BRDA:172,7,1,34798
BRDA:175,8,0,91
BRDA:175,8,1,34707
BRDA:189,9,0,51
BRDA:189,9,1,1264
BRDA:193,10,0,91
BRDA:193,10,1,1173
BRDA:195,11,0,76
BRDA:195,11,1,15
BRDA:201,12,0,91
BRDA:201,12,1,0
BRDA:217,13,0,32
BRDA:217,13,1,59
BRDA:221,14,0,247
BRDA:221,14,1,926
BRDA:221,15,0,1173
BRDA:221,15,1,1069
BRDA:224,16,0,10
BRDA:224,16,1,916
BRDA:224,17,0,926
BRDA:224,17,1,104
BRDA:231,18,0,15
BRDA:231,18,1,3
BRDA:259,19,0,0
BRDA:259,19,1,0
BRDA:281,20,0,32
BRDA:281,20,1,64
BRDA:284,21,0,32
BRDA:284,21,1,0
BRDA:292,22,0,61
BRDA:292,22,1,3
BRDA:292,23,0,64
BRDA:292,23,1,61
BRDA:294,24,0,61
BRDA:294,24,1,1
BRDA:302,25,0,3
BRDA:302,25,1,0
BRDA:305,26,0,3
BRDA:305,26,1,1
BRDA:310,27,0,0
BRDA:310,27,1,0
BRDA:312,28,0,0
BRDA:312,28,1,0
BRDA:329,29,0,63
BRDA:329,29,1,32
BRDA:329,30,0,95
BRDA:329,30,1,33
BRDA:329,30,2,32
BRDA:336,31,0,62
BRDA:336,31,1,1
BRDA:361,32,0,117
BRDA:361,32,1,16
BRDA:368,33,0,16
BRDA:368,33,1,4
BRDA:369,34,0,16
BRDA:369,34,1,0
BRDA:372,35,0,12
BRDA:372,35,1,4
BRDA:372,36,0,16
BRDA:372,36,1,16
BRDA:374,37,0,12
BRDA:374,37,1,0
BRDA:375,38,0,12
BRDA:375,38,1,0
BRDA:378,39,0,11
BRDA:378,39,1,1
BRDA:384,40,0,4
BRDA:384,40,1,0
BRDA:394,41,0,12
BRDA:394,41,1,19
BRDA:424,42,0,94
BRDA:424,42,1,0
BRDA:441,43,0,94
BRDA:441,43,1,1238
BRDA:444,44,0,1224
BRDA:444,44,1,14
BRDA:444,45,0,1238
BRDA:444,45,1,1238
BRDA:448,46,0,250
BRDA:448,46,1,974
BRDA:448,47,0,1224
BRDA:448,47,1,1195
BRDA:448,47,2,310
BRDA:466,48,0,13
BRDA:466,48,1,1319
BRDA:466,49,0,1332
BRDA:466,49,1,933
BRDA:468,50,0,11
BRDA:468,50,1,2
BRDA:473,51,0,10
BRDA:473,51,1,1309
BRDA:481,52,0,1
BRDA:481,52,1,20
BRDA:485,53,0,6
BRDA:485,53,1,15
BRDA:503,54,0,15
BRDA:503,54,1,6
BRDA:514,55,0,1
BRDA:514,55,1,10
BRDA:521,56,0,14
BRDA:521,56,1,14
BRDA:524,57,0,2
BRDA:524,57,1,8
BRDA:527,58,0,2
BRDA:527,58,1,0
BRDA:530,59,0,2
BRDA:530,59,1,0
BRDA:531,60,0,2
BRDA:531,60,1,0
BRDA:537,61,0,4
BRDA:537,61,1,4
BRDA:592,62,0,30
BRDA:592,62,1,3
BRDA:596,63,0,9
BRDA:596,63,1,21
BRDA:596,64,0,30
BRDA:596,64,1,21
BRDA:608,65,0,36
BRDA:608,65,1,1073
BRDA:611,66,0,1065
BRDA:611,66,1,8
BRDA:617,67,0,1109
BRDA:617,67,1,1049
BRDA:623,68,0,1109
BRDA:623,68,1,18
BRDA:631,69,0,0
BRDA:638,70,0,0
BRDA:638,70,1,0
BRDA:639,71,0,0
BRDA:639,71,1,0
BRDA:652,72,0,110
BRDA:652,72,1,104
BRDA:655,73,0,1
BRDA:655,73,1,4
BRDA:665,74,0,3
BRDA:665,74,1,2
BRDA:676,75,0,1
BRDA:676,75,1,4
BRDA:685,76,0,5
BRDA:685,76,1,0
BRDA:691,77,0,3
BRDA:691,77,1,2
BRDA:694,78,0,8
BRDA:694,78,1,0
BRF:159
BRH:133
end_of_record
TN:
SF:src/routes/admin.js
FN:15,requireAdmin
FN:30,(anonymous_1)
FN:52,(anonymous_2)
FN:66,(anonymous_3)
FN:81,(anonymous_4)
FN:92,(anonymous_5)
FN:122,(anonymous_6)
FN:123,(anonymous_7)
FN:124,(anonymous_8)
FN:125,(anonymous_9)
FN:144,(anonymous_10)
FN:170,(anonymous_11)
FN:219,(anonymous_12)
FN:238,(anonymous_13)
FN:277,(anonymous_14)
FN:301,(anonymous_15)
FN:310,(anonymous_16)
FN:328,(anonymous_17)
FN:343,(anonymous_18)
FN:363,(anonymous_19)
FNF:20
FNH:0
FNDA:0,requireAdmin
FNDA:0,(anonymous_1)
FNDA:0,(anonymous_2)
FNDA:0,(anonymous_3)
FNDA:0,(anonymous_4)
FNDA:0,(anonymous_5)
FNDA:0,(anonymous_6)
FNDA:0,(anonymous_7)
FNDA:0,(anonymous_8)
FNDA:0,(anonymous_9)
FNDA:0,(anonymous_10)
FNDA:0,(anonymous_11)
FNDA:0,(anonymous_12)
FNDA:0,(anonymous_13)
FNDA:0,(anonymous_14)
FNDA:0,(anonymous_15)
FNDA:0,(anonymous_16)
FNDA:0,(anonymous_17)
FNDA:0,(anonymous_18)
FNDA:0,(anonymous_19)
DA:6,1
DA:7,1
DA:8,1
DA:17,0
DA:18,0
DA:24,0
DA:30,1
DA:31,0
DA:32,0
DA:43,0
DA:44,0
DA:52,1
DA:53,0
DA:54,0
DA:57,0
DA:62,0
DA:65,0
DA:68,0
DA:74,0
DA:79,0
DA:80,0
DA:81,0
DA:82,0
DA:86,0
DA:90,0
DA:91,0
DA:92,0
DA:93,0
DA:98,0
DA:102,0
DA:107,0
DA:120,0
DA:122,0
DA:123,0
DA:124,0
DA:125,0
DA:128,0
DA:135,0
DA:136,0
DA:144,1
DA:145,0
DA:146,0
DA:149,0
DA:154,0
DA:156,0
DA:162,0
DA:163,0
DA:170,1
DA:171,0
DA:172,0
DA:173,0
DA:176,0
DA:182,0
DA:183,0
DA:187,0
DA:194,0
DA:206,0
DA:218,0
DA:219,0
DA:222,0
DA:230,0
DA:231,0
DA:238,1
DA:239,0
DA:240,0
DA:241,0
DA:242,0
DA:244,0
DA:245,0
DA:254,0
DA:259,0
DA:261,0
DA:266,0
DA:267,0
DA:277,1
DA:278,0
DA:279,0
DA:280,0
DA:282,0
DA:283,0
DA:287,0
DA:297,0
DA:300,0
DA:302,0
DA:307,0
DA:310,0
DA:315,0
DA:320,0
DA:321,0
DA:328,1
DA:329,0
DA:330,0
DA:335,0
DA:336,0
DA:343,1
DA:344,0
DA:345,0
DA:346,0
DA:349,0
DA:358,0
DA:359,0
DA:363,0
DA:365,0
DA:370,0
DA:371,0
DA:375,1
LF:106
LH:12
BRDA:17,0,0,0
BRDA:17,0,1,0
BRDA:17,1,0,0
BRDA:17,1,1,0
BRDA:62,2,0,0
BRDA:62,2,1,0
BRDA:66,3,0,0
BRDA:66,3,1,0
BRDA:80,4,0,0
BRDA:80,4,1,0
BRDA:80,5,0,0
BRDA:80,5,1,0
BRDA:86,6,0,0
BRDA:86,6,1,0
BRDA:91,7,0,0
BRDA:91,7,1,0
BRDA:91,8,0,0
BRDA:91,8,1,0
BRDA:98,9,0,0
BRDA:98,9,1,0
BRDA:110,10,0,0
BRDA:110,10,1,0
BRDA:113,11,0,0
BRDA:113,11,1,0
BRDA:132,12,0,0
BRDA:132,12,1,0
BRDA:154,13,0,0
BRDA:154,13,1,0
BRDA:158,14,0,0
BRDA:158,14,1,0
BRDA:159,15,0,0
BRDA:159,15,1,0
BRDA:182,16,0,0
BRDA:182,16,1,0
BRDA:182,17,0,0
BRDA:182,17,1,0
BRDA:218,18,0,0
BRDA:218,18,1,0
BRDA:225,19,0,0
BRDA:225,19,1,0
BRDA:226,20,0,0
BRDA:226,20,1,0
BRDA:244,21,0,0
BRDA:244,21,1,0
BRDA:259,22,0,0
BRDA:259,22,1,0
BRDA:280,23,0,0
BRDA:280,23,1,0
BRDA:282,24,0,0
BRDA:282,24,1,0
BRDA:297,25,0,0
BRDA:297,25,1,0
BRDA:301,26,0,0
BRDA:301,26,1,0
BRDA:309,27,0,0
BRDA:309,27,1,0
BRDA:310,28,0,0
BRDA:310,28,1,0
BRDA:358,29,0,0
BRDA:358,29,1,0
BRDA:358,30,0,0
BRDA:358,30,1,0
BRDA:363,31,0,0
BRDA:363,31,1,0
BRF:64
BRH:0
end_of_record
TN:
SF:src/routes/approval.js
FN:43,logActivity
FN:63,getDocumentWorkflow
FN:97,getSectionWorkflowState
FN:124,(anonymous_3)
FN:149,(anonymous_4)
FN:163,(anonymous_5)
FN:171,(anonymous_6)
FN:173,(anonymous_7)
FN:188,(anonymous_8)
FN:221,(anonymous_9)
FN:296,(anonymous_10)
FN:394,(anonymous_11)
FN:475,(anonymous_12)
FN:518,(anonymous_13)
FN:521,(anonymous_14)
FN:593,(anonymous_15)
FN:632,(anonymous_16)
FN:720,(anonymous_17)
FNF:18
FNH:0
FNDA:0,logActivity
FNDA:0,getDocumentWorkflow
FNDA:0,getSectionWorkflowState
FNDA:0,(anonymous_3)
FNDA:0,(anonymous_4)
FNDA:0,(anonymous_5)
FNDA:0,(anonymous_6)
FNDA:0,(anonymous_7)
FNDA:0,(anonymous_8)
FNDA:0,(anonymous_9)
FNDA:0,(anonymous_10)
FNDA:0,(anonymous_11)
FNDA:0,(anonymous_12)
FNDA:0,(anonymous_13)
FNDA:0,(anonymous_14)
FNDA:0,(anonymous_15)
FNDA:0,(anonymous_16)
FNDA:0,(anonymous_17)
DA:6,0
DA:7,0
DA:8,0
DA:9,0
DA:15,0
DA:22,0
DA:29,0
DA:44,0
DA:45,0
DA:56,0
DA:64,0
DA:90,0
DA:91,0
DA:98,0
DA:112,0
DA:113,0
DA:124,0
DA:125,0
DA:126,0
DA:127,0
DA:130,0
DA:132,0
DA:133,0
DA:140,0
DA:146,0
DA:149,0
DA:150,0
DA:162,0
DA:163,0
DA:164,0
DA:165,0
DA:167,0
DA:171,0
DA:172,0
DA:173,0
DA:175,0
DA:185,0
DA:186,0
DA:187,0
DA:188,0
DA:190,0
DA:194,0
DA:209,0
DA:210,0
DA:221,0
DA:222,0
DA:223,0
DA:224,0
DA:227,0
DA:233,0
DA:236,0
DA:239,0
DA:258,0
DA:261,0
DA:262,0
DA:263,0
DA:265,0
DA:266,0
DA:267,0
DA:268,0
DA:272,0
DA:280,0
DA:281,0
DA:296,0
DA:297,0
DA:299,0
DA:300,0
DA:301,0
DA:307,0
DA:308,0
DA:309,0
DA:310,0
DA:311,0
DA:314,0
DA:315,0
DA:322,0
DA:329,0
DA:330,0
DA:337,0
DA:359,0
DA:362,0
DA:376,0
DA:382,0
DA:383,0
DA:394,0
DA:395,0
DA:397,0
DA:398,0
DA:399,0
DA:405,0
DA:406,0
DA:407,0
DA:408,0
DA:409,0
DA:412,0
DA:413,0
DA:420,0
DA:441,0
DA:444,0
DA:457,0
DA:463,0
DA:464,0
DA:475,0
DA:476,0
DA:477,0
DA:478,0
DA:479,0
DA:480,0
DA:481,0
DA:483,0
DA:484,0
DA:491,0
DA:497,0
DA:498,0
DA:505,0
DA:506,0
DA:507,0
DA:514,0
DA:517,0
DA:518,0
DA:520,0
DA:521,0
DA:523,0
DA:524,0
DA:531,0
DA:532,0
DA:539,0
DA:553,0
DA:556,0
DA:570,0
DA:577,0
DA:578,0
DA:593,0
DA:594,0
DA:596,0
DA:597,0
DA:598,0
DA:604,0
DA:605,0
DA:606,0
DA:607,0
DA:608,0
DA:611,0
DA:617,0
DA:618,0
DA:625,0
DA:632,0
DA:633,0
DA:645,0
DA:646,0
DA:649,0
DA:650,0
DA:651,0
DA:652,0
DA:655,0
DA:676,0
DA:679,0
DA:688,0
DA:702,0
DA:708,0
DA:709,0
DA:720,0
DA:721,0
DA:722,0
DA:723,0
DA:725,0
DA:737,0
DA:739,0
DA:744,0
DA:745,0
DA:752,0
LF:171
LH:0
BRDA:43,0,0,0
BRDA:90,1,0,0
BRDA:90,1,1,0
BRDA:112,2,0,0
BRDA:112,2,1,0
BRDA:112,3,0,0
BRDA:112,3,1,0
BRDA:132,4,0,0
BRDA:132,4,1,0
BRDA:146,5,0,0
BRDA:146,5,1,0
BRDA:163,6,0,0
BRDA:163,6,1,0
BRDA:164,7,0,0
BRDA:164,7,1,0
BRDA:172,8,0,0
BRDA:172,8,1,0
BRDA:173,9,0,0
BRDA:173,9,1,0
BRDA:178,10,0,0
BRDA:178,10,1,0
BRDA:179,11,0,0
BRDA:179,11,1,0
BRDA:180,12,0,0
BRDA:180,12,1,0
BRDA:185,13,0,0
BRDA:185,13,1,0
BRDA:188,14,0,0
BRDA:188,14,1,0
BRDA:190,15,0,0
BRDA:190,15,1,0
BRDA:233,16,0,0
BRDA:233,16,1,0
BRDA:258,17,0,0
BRDA:258,17,1,0
BRDA:262,18,0,0
BRDA:262,18,1,0
BRDA:267,19,0,0
BRDA:267,19,1,0
BRDA:276,20,0,0
BRDA:276,20,1,0
BRDA:300,21,0,0
BRDA:300,21,1,0
BRDA:314,22,0,0
BRDA:314,22,1,0
BRDA:329,23,0,0
BRDA:329,23,1,0
BRDA:329,24,0,0
BRDA:329,24,1,0
BRDA:359,25,0,0
BRDA:359,25,1,0
BRDA:398,26,0,0
BRDA:398,26,1,0
BRDA:412,27,0,0
BRDA:412,27,1,0
BRDA:441,28,0,0
BRDA:441,28,1,0
BRDA:483,29,0,0
BRDA:483,29,1,0
BRDA:497,30,0,0
BRDA:497,30,1,0
BRDA:506,31,0,0
BRDA:506,31,1,0
BRDA:517,32,0,0
BRDA:517,32,1,0
BRDA:520,33,0,0
BRDA:520,33,1,0
BRDA:523,34,0,0
BRDA:523,34,1,0
BRDA:531,35,0,0
BRDA:531,35,1,0
BRDA:553,36,0,0
BRDA:553,36,1,0
BRDA:597,37,0,0
BRDA:597,37,1,0
BRDA:617,38,0,0
BRDA:617,38,1,0
BRDA:649,39,0,0
BRDA:649,39,1,0
BRDA:651,40,0,0
BRDA:651,40,1,0
BRDA:660,41,0,0
BRDA:660,41,1,0
BRDA:676,42,0,0
BRDA:676,42,1,0
BRDA:737,43,0,0
BRDA:737,43,1,0
BRDA:741,44,0,0
BRDA:741,44,1,0
BRF:89
BRH:0
end_of_record
TN:
SF:src/routes/auth.js
FN:42,isOrgAdmin
FN:57,countOrgUsers
FN:70,getOrgUserLimit
FN:84,upsertUser
FN:107,createUserOrganization
FN:144,(anonymous_5)
FN:164,(anonymous_6)
FN:270,(anonymous_7)
FN:290,(anonymous_8)
FN:379,(anonymous_9)
FN:419,(anonymous_10)
FN:429,(anonymous_11)
FN:460,(anonymous_12)
FN:573,(anonymous_13)
FN:685,(anonymous_14)
FN:732,(anonymous_15)
FN:771,(anonymous_16)
FN:823,(anonymous_17)
FN:851,(anonymous_18)
FN:883,(anonymous_19)
FNF:20
FNH:0
FNDA:0,isOrgAdmin
FNDA:0,countOrgUsers
FNDA:0,getOrgUserLimit
FNDA:0,upsertUser
FNDA:0,createUserOrganization
FNDA:0,(anonymous_5)
FNDA:0,(anonymous_6)
FNDA:0,(anonymous_7)
FNDA:0,(anonymous_8)
FNDA:0,(anonymous_9)
FNDA:0,(anonymous_10)
FNDA:0,(anonymous_11)
FNDA:0,(anonymous_12)
FNDA:0,(anonymous_13)
FNDA:0,(anonymous_14)
FNDA:0,(anonymous_15)
FNDA:0,(anonymous_16)
FNDA:0,(anonymous_17)
FNDA:0,(anonymous_18)
FNDA:0,(anonymous_19)
DA:7,0
DA:8,0
DA:9,0
DA:15,0
DA:22,0
DA:28,0
DA:43,0
DA:50,0
DA:51,0
DA:58,0
DA:63,0
DA:64,0
DA:71,0
DA:77,0
DA:78,0
DA:85,0
DA:100,0
DA:101,0
DA:108,0
DA:119,0
DA:121,0
DA:122,0
DA:129,0
DA:131,0
DA:133,0
DA:144,0
DA:146,0
DA:147,0
DA:148,0
DA:150,0
DA:153,0
DA:164,0
DA:165,0
DA:167,0
DA:168,0
DA:169,0
DA:175,0
DA:176,0
DA:179,0
DA:180,0
DA:181,0
DA:183,0
DA:184,0
DA:192,0
DA:203,0
DA:204,0
DA:210,0
DA:211,0
DA:218,0
DA:221,0
DA:222,0
DA:223,0
DA:232,0
DA:233,0
DA:234,0
DA:235,0
DA:236,0
DA:237,0
DA:238,0
DA:240,0
DA:241,0
DA:244,0
DA:257,0
DA:258,0
DA:270,0
DA:272,0
DA:273,0
DA:274,0
DA:276,0
DA:279,0
DA:290,0
DA:291,0
DA:293,0
DA:294,0
DA:295,0
DA:301,0
DA:302,0
DA:305,0
DA:310,0
DA:311,0
DA:317,0
DA:318,0
DA:325,0
DA:328,0
DA:341,0
DA:342,0
DA:346,0
DA:347,0
DA:348,0
DA:349,0
DA:350,0
DA:351,0
DA:354,0
DA:355,0
DA:356,0
DA:357,0
DA:358,0
DA:359,0
DA:362,0
DA:366,0
DA:375,0
DA:379,0
DA:380,0
DA:381,0
DA:382,0
DA:388,0
DA:406,0
DA:407,0
DA:419,0
DA:420,0
DA:421,0
DA:424,0
DA:425,0
DA:429,0
DA:430,0
DA:431,0
DA:432,0
DA:438,0
DA:446,0
DA:447,0
DA:460,0
DA:461,0
DA:462,0
DA:465,0
DA:466,0
DA:474,0
DA:476,0
DA:477,0
DA:478,0
DA:486,0
DA:487,0
DA:488,0
DA:492,0
DA:494,0
DA:495,0
DA:503,0
DA:504,0
DA:505,0
DA:507,0
DA:529,0
DA:530,0
DA:538,0
DA:558,0
DA:559,0
DA:573,0
DA:574,0
DA:576,0
DA:577,0
DA:584,0
DA:585,0
DA:586,0
DA:592,0
DA:593,0
DA:596,0
DA:597,0
DA:598,0
DA:605,0
DA:606,0
DA:608,0
DA:609,0
DA:618,0
DA:625,0
DA:626,0
DA:633,0
DA:642,0
DA:643,0
DA:650,0
DA:651,0
DA:652,0
DA:655,0
DA:667,0
DA:668,0
DA:685,0
DA:686,0
DA:687,0
DA:688,0
DA:689,0
DA:692,0
DA:693,0
DA:702,0
DA:704,0
DA:706,0
DA:711,0
DA:712,0
DA:715,0
DA:730,0
DA:732,0
DA:742,0
DA:747,0
DA:748,0
DA:751,0
DA:763,0
DA:764,0
DA:771,0
DA:772,0
DA:773,0
DA:774,0
DA:776,0
DA:777,0
DA:784,0
DA:790,0
DA:791,0
DA:798,0
DA:799,0
DA:800,0
DA:801,0
DA:809,0
DA:810,0
DA:811,0
DA:816,0
DA:817,0
DA:818,0
DA:819,0
DA:820,0
DA:823,0
DA:824,0
DA:825,0
DA:826,0
DA:832,0
DA:840,0
DA:841,0
DA:851,0
DA:852,0
DA:853,0
DA:854,0
DA:857,0
DA:863,0
DA:864,0
DA:868,0
DA:869,0
DA:870,0
DA:873,0
DA:875,0
DA:876,0
DA:883,0
DA:885,0
DA:886,0
DA:889,0
LF:238
LH:0
BRDA:50,0,0,0
BRDA:50,0,1,0
BRDA:50,1,0,0
BRDA:50,1,1,0
BRDA:63,2,0,0
BRDA:63,2,1,0
BRDA:64,3,0,0
BRDA:64,3,1,0
BRDA:77,4,0,0
BRDA:77,4,1,0
BRDA:78,5,0,0
BRDA:78,5,1,0
BRDA:90,6,0,0
BRDA:90,6,1,0
BRDA:91,7,0,0
BRDA:91,7,1,0
BRDA:100,8,0,0
BRDA:100,8,1,0
BRDA:107,9,0,0
BRDA:119,10,0,0
BRDA:119,10,1,0
BRDA:121,11,0,0
BRDA:121,11,1,0
BRDA:146,12,0,0
BRDA:146,12,1,0
BRDA:147,13,0,0
BRDA:147,13,1,0
BRDA:168,14,0,0
BRDA:168,14,1,0
BRDA:179,15,0,0
BRDA:179,15,1,0
BRDA:183,16,0,0
BRDA:183,16,1,0
BRDA:197,17,0,0
BRDA:197,17,1,0
BRDA:199,18,0,0
BRDA:199,18,1,0
BRDA:203,19,0,0
BRDA:203,19,1,0
BRDA:210,20,0,0
BRDA:210,20,1,0
BRDA:222,21,0,0
BRDA:222,21,1,0
BRDA:234,22,0,0
BRDA:234,22,1,0
BRDA:235,23,0,0
BRDA:235,23,1,0
BRDA:240,24,0,0
BRDA:240,24,1,0
BRDA:261,25,0,0
BRDA:261,25,1,0
BRDA:272,26,0,0
BRDA:272,26,1,0
BRDA:273,27,0,0
BRDA:273,27,1,0
BRDA:294,28,0,0
BRDA:294,28,1,0
BRDA:310,29,0,0
BRDA:310,29,1,0
BRDA:317,30,0,0
BRDA:317,30,1,0
BRDA:317,31,0,0
BRDA:317,31,1,0
BRDA:341,32,0,0
BRDA:341,32,1,0
BRDA:354,33,0,0
BRDA:354,33,1,0
BRDA:354,34,0,0
BRDA:354,34,1,0
BRDA:380,35,0,0
BRDA:380,35,1,0
BRDA:396,36,0,0
BRDA:396,36,1,0
BRDA:401,37,0,0
BRDA:401,37,1,0
BRDA:401,38,0,0
BRDA:401,38,1,0
BRDA:410,39,0,0
BRDA:410,39,1,0
BRDA:424,40,0,0
BRDA:424,40,1,0
BRDA:430,41,0,0
BRDA:430,41,1,0
BRDA:450,42,0,0
BRDA:450,42,1,0
BRDA:465,43,0,0
BRDA:465,43,1,0
BRDA:476,44,0,0
BRDA:476,44,1,0
BRDA:486,45,0,0
BRDA:486,45,1,0
BRDA:487,46,0,0
BRDA:487,46,1,0
BRDA:492,47,0,0
BRDA:492,47,1,0
BRDA:492,48,0,0
BRDA:492,48,1,0
BRDA:563,49,0,0
BRDA:563,49,1,0
BRDA:576,50,0,0
BRDA:576,50,1,0
BRDA:585,51,0,0
BRDA:585,51,1,0
BRDA:597,52,0,0
BRDA:597,52,1,0
BRDA:608,53,0,0
BRDA:608,53,1,0
BRDA:625,54,0,0
BRDA:625,54,1,0
BRDA:635,55,0,0
BRDA:635,55,1,0
BRDA:639,56,0,0
BRDA:639,56,1,0
BRDA:642,57,0,0
BRDA:642,57,1,0
BRDA:650,58,0,0
BRDA:650,58,1,0
BRDA:671,59,0,0
BRDA:671,59,1,0
BRDA:692,60,0,0
BRDA:692,60,1,0
BRDA:704,61,0,0
BRDA:704,61,1,0
BRDA:711,62,0,0
BRDA:711,62,1,0
BRDA:712,63,0,0
BRDA:712,63,1,0
BRDA:730,64,0,0
BRDA:730,64,1,0
BRDA:732,65,0,0
BRDA:732,65,1,0
BRDA:747,66,0,0
BRDA:747,66,1,0
BRDA:748,67,0,0
BRDA:748,67,1,0
BRDA:753,68,0,0
BRDA:753,68,1,0
BRDA:754,69,0,0
BRDA:754,69,1,0
BRDA:755,70,0,0
BRDA:755,70,1,0
BRDA:757,71,0,0
BRDA:757,71,1,0
BRDA:776,72,0,0
BRDA:776,72,1,0
BRDA:790,73,0,0
BRDA:790,73,1,0
BRDA:790,74,0,0
BRDA:790,74,1,0
BRDA:800,75,0,0
BRDA:800,75,1,0
BRDA:809,76,0,0
BRDA:809,76,1,0
BRDA:824,77,0,0
BRDA:824,77,1,0
BRDA:863,78,0,0
BRDA:863,78,1,0
BRDA:863,79,0,0
BRDA:863,79,1,0
BRF:159
BRH:0
end_of_record
TN:
SF:src/routes/dashboard.js
FN:13,requireAuth
FN:63,(anonymous_1)
FN:86,(anonymous_2)
FN:115,(anonymous_3)
FN:127,(anonymous_4)
FN:140,(anonymous_5)
FN:149,(anonymous_6)
FN:183,(anonymous_7)
FN:231,(anonymous_8)
FN:254,(anonymous_9)
FN:274,(anonymous_10)
FN:283,(anonymous_11)
FN:288,(anonymous_12)
FN:312,(anonymous_13)
FN:336,(anonymous_14)
FN:363,(anonymous_15)
FN:415,(anonymous_16)
FN:431,(anonymous_17)
FN:445,(anonymous_18)
FN:473,(anonymous_19)
FN:494,(anonymous_20)
FN:513,(anonymous_21)
FN:603,(anonymous_22)
FN:661,(anonymous_23)
FNF:24
FNH:0
FNDA:0,requireAuth
FNDA:0,(anonymous_1)
FNDA:0,(anonymous_2)
FNDA:0,(anonymous_3)
FNDA:0,(anonymous_4)
FNDA:0,(anonymous_5)
FNDA:0,(anonymous_6)
FNDA:0,(anonymous_7)
FNDA:0,(anonymous_8)
FNDA:0,(anonymous_9)
FNDA:0,(anonymous_10)
FNDA:0,(anonymous_11)
FNDA:0,(anonymous_12)
FNDA:0,(anonymous_13)
FNDA:0,(anonymous_14)
FNDA:0,(anonymous_15)
FNDA:0,(anonymous_16)
FNDA:0,(anonymous_17)
FNDA:0,(anonymous_18)
FNDA:0,(anonymous_19)
FNDA:0,(anonymous_20)
FNDA:0,(anonymous_21)
FNDA:0,(anonymous_22)
FNDA:0,(anonymous_23)
DA:6,0
DA:7,0
DA:15,0
DA:17,0
DA:21,0
DA:26,0
DA:28,0
DA:30,0
DA:32,0
DA:34,0
DA:35,0
DA:36,0
DA:37,0
DA:41,0
DA:44,0
DA:45,0
DA:50,0
DA:53,0
DA:57,0
DA:63,0
DA:64,0
DA:66,0
DA:72,0
DA:78,0
DA:79,0
DA:86,0
DA:87,0
DA:88,0
DA:89,0
DA:92,0
DA:93,0
DA:100,0
DA:105,0
DA:108,0
DA:113,0
DA:114,0
DA:115,0
DA:116,0
DA:121,0
DA:125,0
DA:126,0
DA:127,0
DA:128,0
DA:134,0
DA:138,0
DA:139,0
DA:140,0
DA:143,0
DA:148,0
DA:149,0
DA:152,0
DA:158,0
DA:162,0
DA:172,0
DA:173,0
DA:183,0
DA:184,0
DA:185,0
DA:186,0
DA:188,0
DA:195,0
DA:198,0
DA:199,0
DA:204,0
DA:206,0
DA:212,0
DA:215,0
DA:220,0
DA:221,0
DA:231,0
DA:232,0
DA:233,0
DA:234,0
DA:235,0
DA:238,0
DA:243,0
DA:244,0
DA:247,0
DA:248,0
DA:250,0
DA:251,0
DA:254,0
DA:257,0
DA:271,0
DA:274,0
DA:275,0
DA:281,0
DA:282,0
DA:283,0
DA:284,0
DA:288,0
DA:289,0
DA:290,0
DA:291,0
DA:294,0
DA:299,0
DA:300,0
DA:312,0
DA:313,0
DA:314,0
DA:315,0
DA:316,0
DA:319,0
DA:321,0
DA:326,0
DA:328,0
DA:329,0
DA:336,0
DA:338,0
DA:344,0
DA:346,0
DA:354,0
DA:359,0
DA:360,0
DA:363,0
DA:366,0
DA:380,0
DA:383,0
DA:384,0
DA:396,0
DA:399,0
DA:404,0
DA:405,0
DA:415,0
DA:416,0
DA:417,0
DA:418,0
DA:419,0
DA:422,0
DA:427,0
DA:428,0
DA:431,0
DA:434,0
DA:437,0
DA:444,0
DA:445,0
DA:446,0
DA:457,0
DA:472,0
DA:473,0
DA:474,0
DA:475,0
DA:482,0
DA:494,0
DA:496,0
DA:501,0
DA:502,0
DA:513,0
DA:514,0
DA:515,0
DA:524,0
DA:527,0
DA:528,0
DA:535,0
DA:549,0
DA:550,0
DA:551,0
DA:554,0
DA:559,0
DA:567,0
DA:568,0
DA:570,0
DA:575,0
DA:578,0
DA:580,0
DA:589,0
DA:590,0
DA:603,0
DA:604,0
DA:605,0
DA:606,0
DA:607,0
DA:610,0
DA:623,0
DA:624,0
DA:631,0
DA:632,0
DA:638,0
DA:649,0
DA:650,0
DA:661,0
DA:662,0
DA:663,0
DA:664,0
DA:665,0
DA:667,0
DA:668,0
DA:669,0
DA:672,0
DA:679,0
DA:680,0
DA:681,0
DA:688,0
DA:691,0
DA:706,0
DA:707,0
DA:709,0
DA:710,0
DA:711,0
DA:724,0
DA:740,0
DA:741,0
DA:745,0
DA:751,0
DA:754,0
DA:755,0
DA:759,0
DA:767,0
DA:780,0
DA:781,0
DA:789,0
LF:211
LH:0
BRDA:15,0,0,0
BRDA:15,0,1,0
BRDA:28,1,0,0
BRDA:28,1,1,0
BRDA:32,2,0,0
BRDA:32,2,1,0
BRDA:32,3,0,0
BRDA:32,3,1,0
BRDA:66,4,0,0
BRDA:66,4,1,0
BRDA:69,5,0,0
BRDA:69,5,1,0
BRDA:92,6,0,0
BRDA:92,6,1,0
BRDA:105,7,0,0
BRDA:105,7,1,0
BRDA:114,8,0,0
BRDA:114,8,1,0
BRDA:114,9,0,0
BRDA:114,9,1,0
BRDA:121,10,0,0
BRDA:121,10,1,0
BRDA:126,11,0,0
BRDA:126,11,1,0
BRDA:126,12,0,0
BRDA:126,12,1,0
BRDA:134,13,0,0
BRDA:134,13,1,0
BRDA:139,14,0,0
BRDA:139,14,1,0
BRDA:139,15,0,0
BRDA:139,15,1,0
BRDA:139,15,2,0
BRDA:148,16,0,0
BRDA:148,16,1,0
BRDA:148,17,0,0
BRDA:148,17,1,0
BRDA:158,18,0,0
BRDA:158,18,1,0
BRDA:165,19,0,0
BRDA:165,19,1,0
BRDA:195,20,0,0
BRDA:195,20,1,0
BRDA:204,21,0,0
BRDA:204,21,1,0
BRDA:212,22,0,0
BRDA:212,22,1,0
BRDA:243,23,0,0
BRDA:243,23,1,0
BRDA:248,24,0,0
BRDA:248,24,1,0
BRDA:250,25,0,0
BRDA:250,25,1,0
BRDA:250,26,0,0
BRDA:250,26,1,0
BRDA:271,27,0,0
BRDA:271,27,1,0
BRDA:282,28,0,0
BRDA:282,28,1,0
BRDA:290,29,0,0
BRDA:290,29,1,0
BRDA:291,30,0,0
BRDA:291,30,1,0
BRDA:319,31,0,0
BRDA:319,31,1,0
BRDA:326,32,0,0
BRDA:326,32,1,0
BRDA:328,33,0,0
BRDA:328,33,1,0
BRDA:328,34,0,0
BRDA:328,34,1,0
BRDA:344,35,0,0
BRDA:344,35,1,0
BRDA:348,36,0,0
BRDA:348,36,1,0
BRDA:359,37,0,0
BRDA:359,37,1,0
BRDA:359,38,0,0
BRDA:359,38,1,0
BRDA:380,39,0,0
BRDA:380,39,1,0
BRDA:396,40,0,0
BRDA:396,40,1,0
BRDA:419,41,0,0
BRDA:419,41,1,0
BRDA:427,42,0,0
BRDA:427,42,1,0
BRDA:427,43,0,0
BRDA:427,43,1,0
BRDA:444,44,0,0
BRDA:444,44,1,0
BRDA:449,45,0,0
BRDA:449,45,1,0
BRDA:472,46,0,0
BRDA:472,46,1,0
BRDA:474,47,0,0
BRDA:474,47,1,0
BRDA:485,48,0,0
BRDA:485,48,1,0
BRDA:485,49,0,0
BRDA:485,49,1,0
BRDA:485,50,0,0
BRDA:485,50,1,0
BRDA:486,51,0,0
BRDA:486,51,1,0
BRDA:487,52,0,0
BRDA:487,52,1,0
BRDA:527,53,0,0
BRDA:527,53,1,0
BRDA:527,54,0,0
BRDA:527,54,1,0
BRDA:527,54,2,0
BRDA:540,55,0,0
BRDA:540,55,1,0
BRDA:541,56,0,0
BRDA:541,56,1,0
BRDA:542,57,0,0
BRDA:542,57,1,0
BRDA:543,58,0,0
BRDA:543,58,1,0
BRDA:549,59,0,0
BRDA:549,59,1,0
BRDA:567,60,0,0
BRDA:567,60,1,0
BRDA:623,61,0,0
BRDA:623,61,1,0
BRDA:623,62,0,0
BRDA:623,62,1,0
BRDA:631,63,0,0
BRDA:631,63,1,0
BRDA:642,64,0,0
BRDA:642,64,1,0
BRDA:642,64,2,0
BRDA:679,65,0,0
BRDA:679,65,1,0
BRDA:679,66,0,0
BRDA:679,66,1,0
BRDA:706,67,0,0
BRDA:706,67,1,0
BRDA:709,68,0,0
BRDA:709,68,1,0
BRDA:710,69,0,0
BRDA:710,69,1,0
BRDA:710,70,0,0
BRDA:710,70,1,0
BRDA:716,71,0,0
BRDA:716,71,1,0
BRDA:718,72,0,0
BRDA:718,72,1,0
BRDA:740,73,0,0
BRDA:740,73,1,0
BRDA:745,74,0,0
BRDA:745,74,1,0
BRDA:748,75,0,0
BRDA:748,75,1,0
BRDA:754,76,0,0
BRDA:754,76,1,0
BRDA:755,77,0,0
BRDA:755,77,1,0
BRDA:770,78,0,0
BRDA:770,78,1,0
BRDA:771,79,0,0
BRDA:771,79,1,0
BRF:163
BRH:0
end_of_record
TN:
SF:src/routes/setup.js
FN:14,(anonymous_0)
FN:19,(anonymous_1)
FN:30,(anonymous_2)
FN:49,(anonymous_3)
FN:66,(anonymous_4)
FN:79,(anonymous_5)
FN:191,(anonymous_6)
FN:203,(anonymous_7)
FN:241,(anonymous_8)
FN:254,(anonymous_9)
FN:301,(anonymous_10)
FN:314,(anonymous_11)
FN:362,(anonymous_12)
FN:365,(anonymous_13)
FN:370,(anonymous_14)
FN:375,(anonymous_15)
FN:383,(anonymous_16)
FN:403,(anonymous_17)
FN:414,(anonymous_18)
FN:433,(anonymous_19)
FN:463,(anonymous_20)
FN:514,(anonymous_21)
FN:533,(anonymous_22)
FN:554,processSetupData
FN:569,(anonymous_24)
FN:765,formatDocumentStructure
FNF:26
FNH:0
FNDA:0,(anonymous_0)
FNDA:0,(anonymous_1)
FNDA:0,(anonymous_2)
FNDA:0,(anonymous_3)
FNDA:0,(anonymous_4)
FNDA:0,(anonymous_5)
FNDA:0,(anonymous_6)
FNDA:0,(anonymous_7)
FNDA:0,(anonymous_8)
FNDA:0,(anonymous_9)
FNDA:0,(anonymous_10)
FNDA:0,(anonymous_11)
FNDA:0,(anonymous_12)
FNDA:0,(anonymous_13)
FNDA:0,(anonymous_14)
FNDA:0,(anonymous_15)
FNDA:0,(anonymous_16)
FNDA:0,(anonymous_17)
FNDA:0,(anonymous_18)
FNDA:0,(anonymous_19)
FNDA:0,(anonymous_20)
FNDA:0,(anonymous_21)
FNDA:0,(anonymous_22)
FNDA:0,processSetupData
FNDA:0,(anonymous_24)
FNDA:0,formatDocumentStructure
DA:6,1
DA:7,1
DA:8,1
DA:9,1
DA:10,1
DA:13,1
DA:15,0
DA:16,0
DA:17,0
DA:20,0
DA:21,0
DA:25,1
DA:31,0
DA:38,0
DA:39,0
DA:41,0
DA:49,1
DA:51,0
DA:52,0
DA:55,0
DA:66,1
DA:67,0
DA:79,1
DA:80,0
DA:81,0
DA:90,0
DA:97,0
DA:98,0
DA:105,0
DA:106,0
DA:112,0
DA:113,0
DA:119,0
DA:120,0
DA:127,0
DA:132,0
DA:133,0
DA:134,0
DA:140,0
DA:143,0
DA:144,0
DA:154,0
DA:155,0
DA:156,0
DA:162,0
DA:165,0
DA:166,0
DA:167,0
DA:172,0
DA:175,0
DA:178,0
DA:180,0
DA:181,0
DA:191,1
DA:192,0
DA:203,1
DA:204,0
DA:205,0
DA:213,0
DA:214,0
DA:221,0
DA:222,0
DA:223,0
DA:224,0
DA:225,0
DA:228,0
DA:230,0
DA:231,0
DA:241,1
DA:242,0
DA:254,1
DA:255,0
DA:256,0
DA:263,0
DA:264,0
DA:271,0
DA:272,0
DA:273,0
DA:281,0
DA:282,0
DA:283,0
DA:284,0
DA:285,0
DA:288,0
DA:290,0
DA:291,0
DA:301,1
DA:302,0
DA:314,1
DA:315,0
DA:316,0
DA:318,0
DA:320,0
DA:330,0
DA:331,0
DA:333,0
DA:335,0
DA:345,0
DA:352,0
DA:353,0
DA:354,0
DA:355,0
DA:356,0
DA:360,0
DA:361,0
DA:362,0
DA:363,0
DA:364,0
DA:366,0
DA:367,0
DA:368,0
DA:370,0
DA:371,0
DA:372,0
DA:376,0
DA:377,0
DA:378,0
DA:379,0
DA:380,0
DA:381,0
DA:383,0
DA:384,0
DA:385,0
DA:390,0
DA:392,0
DA:393,0
DA:403,1
DA:404,0
DA:414,1
DA:415,0
DA:417,0
DA:418,0
DA:420,0
DA:421,0
DA:423,0
DA:424,0
DA:426,0
DA:429,0
DA:430,0
DA:433,0
DA:434,0
DA:437,0
DA:438,0
DA:439,0
DA:442,0
DA:444,0
DA:455,0
DA:457,0
DA:463,1
DA:464,0
DA:466,0
DA:468,0
DA:469,0
DA:472,0
DA:474,0
DA:476,0
DA:481,0
DA:482,0
DA:484,0
DA:486,0
DA:487,0
DA:488,0
DA:489,0
DA:493,0
DA:495,0
DA:499,0
DA:500,0
DA:501,0
DA:505,0
DA:506,0
DA:510,0
DA:511,0
DA:514,0
DA:515,0
DA:516,0
DA:518,0
DA:521,0
DA:523,0
DA:524,0
DA:525,0
DA:526,0
DA:533,1
DA:535,0
DA:538,0
DA:541,0
DA:544,0
DA:545,0
DA:548,0
DA:555,0
DA:556,0
DA:557,0
DA:559,0
DA:560,0
DA:562,0
DA:563,0
DA:564,0
DA:565,0
DA:567,0
DA:568,0
DA:569,0
DA:570,0
DA:572,0
DA:573,0
DA:574,0
DA:575,0
DA:577,0
DA:580,0
DA:582,0
DA:584,0
DA:586,0
DA:587,0
DA:588,0
DA:589,0
DA:592,0
DA:593,0
DA:594,0
DA:597,0
DA:598,0
DA:600,0
DA:605,0
DA:606,0
DA:607,0
DA:609,0
DA:610,0
DA:625,0
DA:626,0
DA:627,0
DA:629,0
DA:630,0
DA:633,0
DA:634,0
DA:635,0
DA:637,0
DA:646,0
DA:647,0
DA:649,0
DA:651,0
DA:654,0
DA:656,0
DA:659,0
DA:662,0
DA:665,0
DA:668,0
DA:671,0
DA:674,0
DA:675,0
DA:676,0
DA:679,0
DA:681,0
DA:682,0
DA:684,0
DA:686,0
DA:687,0
DA:689,0
DA:690,0
DA:693,0
DA:694,0
DA:700,0
DA:701,0
DA:702,0
DA:703,0
DA:704,0
DA:706,0
DA:707,0
DA:710,0
DA:713,0
DA:714,0
DA:716,0
DA:717,0
DA:720,0
DA:723,0
DA:724,0
DA:725,0
DA:728,0
DA:730,0
DA:733,0
DA:736,0
DA:739,0
DA:741,0
DA:742,0
DA:743,0
DA:746,0
DA:747,0
DA:749,0
DA:750,0
DA:751,0
DA:752,0
DA:756,0
DA:757,0
DA:758,0
DA:759,0
DA:766,0
DA:768,0
DA:769,0
DA:771,0
DA:774,1
LF:296
LH:21
BRDA:38,0,0,0
BRDA:38,0,1,0
BRDA:51,1,0,0
BRDA:51,1,1,0
BRDA:72,2,0,0
BRDA:72,2,1,0
BRDA:87,3,0,0
BRDA:87,3,1,0
BRDA:97,4,0,0
BRDA:97,4,1,0
BRDA:97,5,0,0
BRDA:97,5,1,0
BRDA:105,6,0,0
BRDA:105,6,1,0
BRDA:105,7,0,0
BRDA:105,7,1,0
BRDA:112,8,0,0
BRDA:112,8,1,0
BRDA:119,9,0,0
BRDA:119,9,1,0
BRDA:132,10,0,0
BRDA:132,10,1,0
BRDA:140,11,0,0
BRDA:140,11,1,0
BRDA:154,12,0,0
BRDA:154,12,1,0
BRDA:158,13,0,0
BRDA:158,13,1,0
BRDA:165,14,0,0
BRDA:165,14,1,0
BRDA:196,15,0,0
BRDA:196,15,1,0
BRDA:207,16,0,0
BRDA:207,16,1,0
BRDA:208,17,0,0
BRDA:208,17,1,0
BRDA:209,18,0,0
BRDA:209,18,1,0
BRDA:213,19,0,0
BRDA:213,19,1,0
BRDA:221,20,0,0
BRDA:221,20,1,0
BRDA:223,21,0,0
BRDA:223,21,1,0
BRDA:224,22,0,0
BRDA:224,22,1,0
BRDA:247,23,0,0
BRDA:247,23,1,0
BRDA:258,24,0,0
BRDA:258,24,1,0
BRDA:259,25,0,0
BRDA:259,25,1,0
BRDA:263,26,0,0
BRDA:263,26,1,0
BRDA:263,27,0,0
BRDA:263,27,1,0
BRDA:272,28,0,0
BRDA:272,28,1,0
BRDA:272,29,0,0
BRDA:272,29,1,0
BRDA:281,30,0,0
BRDA:281,30,1,0
BRDA:283,31,0,0
BRDA:283,31,1,0
BRDA:284,32,0,0
BRDA:284,32,1,0
BRDA:307,33,0,0
BRDA:307,33,1,0
BRDA:318,34,0,0
BRDA:318,34,1,0
BRDA:330,35,0,0
BRDA:330,35,1,0
BRDA:333,36,0,0
BRDA:333,36,1,0
BRDA:352,37,0,0
BRDA:352,37,1,0
BRDA:354,38,0,0
BRDA:354,38,1,0
BRDA:355,39,0,0
BRDA:355,39,1,0
BRDA:371,40,0,0
BRDA:371,40,1,0
BRDA:380,41,0,0
BRDA:380,41,1,0
BRDA:384,42,0,0
BRDA:384,42,1,0
BRDA:417,43,0,0
BRDA:417,43,1,0
BRDA:420,44,0,0
BRDA:420,44,1,0
BRDA:423,45,0,0
BRDA:423,45,1,0
BRDA:433,46,0,0
BRDA:433,46,1,0
BRDA:442,47,0,0
BRDA:442,47,1,0
BRDA:451,48,0,0
BRDA:451,48,1,0
BRDA:464,49,0,0
BRDA:464,49,1,0
BRDA:468,50,0,0
BRDA:468,50,1,0
BRDA:468,51,0,0
BRDA:468,51,1,0
BRDA:474,52,0,0
BRDA:474,52,1,0
BRDA:481,53,0,0
BRDA:481,53,1,0
BRDA:484,54,0,0
BRDA:484,54,1,0
BRDA:484,55,0,0
BRDA:484,55,1,0
BRDA:505,56,0,0
BRDA:505,56,1,0
BRDA:515,57,0,0
BRDA:515,57,1,0
BRDA:544,58,0,0
BRDA:544,58,1,0
BRDA:572,59,0,0
BRDA:572,59,1,0
BRDA:582,60,0,0
BRDA:582,60,1,0
BRDA:582,60,2,0
BRDA:582,60,3,0
BRDA:582,60,4,0
BRDA:582,60,5,0
BRDA:589,61,0,0
BRDA:589,61,1,0
BRDA:592,62,0,0
BRDA:592,62,1,0
BRDA:597,63,0,0
BRDA:597,63,1,0
BRDA:597,64,0,0
BRDA:597,64,1,0
BRDA:625,65,0,0
BRDA:625,65,1,0
BRDA:634,66,0,0
BRDA:634,66,1,0
BRDA:646,67,0,0
BRDA:646,67,1,0
BRDA:674,68,0,0
BRDA:674,68,1,0
BRDA:681,69,0,0
BRDA:681,69,1,0
BRDA:681,70,0,0
BRDA:681,70,1,0
BRDA:681,70,2,0
BRDA:689,71,0,0
BRDA:689,71,1,0
BRDA:700,72,0,0
BRDA:700,72,1,0
BRDA:706,73,0,0
BRDA:706,73,1,0
BRDA:706,74,0,0
BRDA:706,74,1,0
BRDA:713,75,0,0
BRDA:713,75,1,0
BRDA:713,76,0,0
BRDA:713,76,1,0
BRDA:716,77,0,0
BRDA:716,77,1,0
BRDA:716,78,0,0
BRDA:716,78,1,0
BRDA:766,79,0,0
BRDA:766,79,1,0
BRDA:768,80,0,0
BRDA:768,80,1,0
BRDA:769,81,0,0
BRDA:769,81,1,0
BRF:169
BRH:0
end_of_record
TN:
SF:src/routes/users.js
FN:43,logActivity
FN:63,checkUserLimit
FN:99,(anonymous_2)
FN:148,(anonymous_3)
FN:211,(anonymous_4)
FN:394,(anonymous_5)
FN:479,(anonymous_6)
FN:544,(anonymous_7)
FN:603,(anonymous_8)
FNF:9
FNH:0
FNDA:0,logActivity
FNDA:0,checkUserLimit
FNDA:0,(anonymous_2)
FNDA:0,(anonymous_3)
FNDA:0,(anonymous_4)
FNDA:0,(anonymous_5)
FNDA:0,(anonymous_6)
FNDA:0,(anonymous_7)
FNDA:0,(anonymous_8)
DA:6,0
DA:7,0
DA:8,0
DA:9,0
DA:15,0
DA:21,0
DA:25,0
DA:44,0
DA:45,0
DA:56,0
DA:64,0
DA:70,0
DA:72,0
DA:78,0
DA:80,0
DA:81,0
DA:83,0
DA:99,0
DA:100,0
DA:101,0
DA:102,0
DA:104,0
DA:125,0
DA:128,0
DA:130,0
DA:136,0
DA:137,0
DA:148,0
DA:149,0
DA:150,0
DA:151,0
DA:152,0
DA:154,0
DA:171,0
DA:173,0
DA:174,0
DA:181,0
DA:189,0
DA:195,0
DA:196,0
DA:211,0
DA:212,0
DA:214,0
DA:215,0
DA:216,0
DA:222,0
DA:223,0
DA:224,0
DA:225,0
DA:228,0
DA:229,0
DA:230,0
DA:237,0
DA:245,0
DA:247,0
DA:254,0
DA:255,0
DA:256,0
DA:262,0
DA:272,0
DA:274,0
DA:284,0
DA:296,0
DA:299,0
DA:308,0
DA:309,0
DA:315,0
DA:316,0
DA:323,0
DA:334,0
DA:336,0
DA:340,0
DA:353,0
DA:356,0
DA:366,0
DA:377,0
DA:378,0
DA:394,0
DA:395,0
DA:396,0
DA:397,0
DA:398,0
DA:399,0
DA:402,0
DA:403,0
DA:404,0
DA:410,0
DA:413,0
DA:414,0
DA:421,0
DA:429,0
DA:430,0
DA:437,0
DA:448,0
DA:451,0
DA:461,0
DA:467,0
DA:468,0
DA:479,0
DA:480,0
DA:481,0
DA:482,0
DA:483,0
DA:484,0
DA:487,0
DA:488,0
DA:489,0
DA:495,0
DA:498,0
DA:509,0
DA:512,0
DA:522,0
DA:528,0
DA:529,0
DA:544,0
DA:545,0
DA:546,0
DA:547,0
DA:548,0
DA:549,0
DA:552,0
DA:553,0
DA:560,0
DA:569,0
DA:572,0
DA:582,0
DA:587,0
DA:588,0
DA:603,0
DA:604,0
DA:605,0
DA:606,0
DA:607,0
DA:608,0
DA:610,0
DA:623,0
DA:625,0
DA:635,0
DA:636,0
DA:643,0
LF:140
LH:0
BRDA:43,0,0,0
BRDA:70,1,0,0
BRDA:70,1,1,0
BRDA:78,2,0,0
BRDA:78,2,1,0
BRDA:80,3,0,0
BRDA:80,3,1,0
BRDA:81,4,0,0
BRDA:81,4,1,0
BRDA:125,5,0,0
BRDA:125,5,1,0
BRDA:132,6,0,0
BRDA:132,6,1,0
BRDA:171,7,0,0
BRDA:171,7,1,0
BRDA:173,8,0,0
BRDA:173,8,1,0
BRDA:192,9,0,0
BRDA:192,9,1,0
BRDA:215,10,0,0
BRDA:215,10,1,0
BRDA:229,11,0,0
BRDA:229,11,1,0
BRDA:245,12,0,0
BRDA:245,12,1,0
BRDA:254,13,0,0
BRDA:254,13,1,0
BRDA:255,14,0,0
BRDA:255,14,1,0
BRDA:272,15,0,0
BRDA:272,15,1,0
BRDA:301,16,0,0
BRDA:301,16,1,0
BRDA:305,17,0,0
BRDA:305,17,1,0
BRDA:308,18,0,0
BRDA:308,18,1,0
BRDA:315,19,0,0
BRDA:315,19,1,0
BRDA:328,20,0,0
BRDA:328,20,1,0
BRDA:334,21,0,0
BRDA:334,21,1,0
BRDA:353,22,0,0
BRDA:353,22,1,0
BRDA:381,23,0,0
BRDA:381,23,1,0
BRDA:403,24,0,0
BRDA:403,24,1,0
BRDA:413,25,0,0
BRDA:413,25,1,0
BRDA:429,26,0,0
BRDA:429,26,1,0
BRDA:429,27,0,0
BRDA:429,27,1,0
BRDA:448,28,0,0
BRDA:448,28,1,0
BRDA:488,29,0,0
BRDA:488,29,1,0
BRDA:509,30,0,0
BRDA:509,30,1,0
BRDA:552,31,0,0
BRDA:552,31,1,0
BRDA:569,32,0,0
BRDA:569,32,1,0
BRDA:607,33,0,0
BRDA:607,33,1,0
BRDA:608,34,0,0
BRDA:608,34,1,0
BRDA:623,35,0,0
BRDA:623,35,1,0
BRDA:627,36,0,0
BRDA:627,36,1,0
BRDA:631,37,0,0
BRDA:631,37,1,0
BRF:75
BRH:0
end_of_record
TN:
SF:src/routes/workflow.js
FN:70,requireAuth
FN:83,requireAdmin
FN:96,requireOrganization
FN:117,userCanApproveStage
FN:142,getCurrentWorkflowStage
FN:188,createApprovalHistory
FN:225,checkDocumentApprovalStatus
FN:241,(anonymous_7)
FN:264,(anonymous_8)
FN:315,(anonymous_9)
FN:376,(anonymous_10)
FN:412,(anonymous_11)
FN:432,(anonymous_12)
FN:515,(anonymous_13)
FN:594,(anonymous_14)
FN:662,(anonymous_15)
FN:757,(anonymous_16)
FN:838,(anonymous_17)
FN:918,(anonymous_18)
FN:955,(anonymous_19)
FN:986,(anonymous_20)
FN:1017,(anonymous_21)
FN:1100,(anonymous_22)
FN:1190,(anonymous_23)
FN:1282,(anonymous_24)
FN:1331,(anonymous_25)
FNF:26
FNH:0
FNDA:0,requireAuth
FNDA:0,requireAdmin
FNDA:0,requireOrganization
FNDA:0,userCanApproveStage
FNDA:0,getCurrentWorkflowStage
FNDA:0,createApprovalHistory
FNDA:0,checkDocumentApprovalStatus
FNDA:0,(anonymous_7)
FNDA:0,(anonymous_8)
FNDA:0,(anonymous_9)
FNDA:0,(anonymous_10)
FNDA:0,(anonymous_11)
FNDA:0,(anonymous_12)
FNDA:0,(anonymous_13)
FNDA:0,(anonymous_14)
FNDA:0,(anonymous_15)
FNDA:0,(anonymous_16)
FNDA:0,(anonymous_17)
FNDA:0,(anonymous_18)
FNDA:0,(anonymous_19)
FNDA:0,(anonymous_20)
FNDA:0,(anonymous_21)
FNDA:0,(anonymous_22)
FNDA:0,(anonymous_23)
FNDA:0,(anonymous_24)
FNDA:0,(anonymous_25)
DA:13,0
DA:14,0
DA:15,0
DA:21,0
DA:27,0
DA:34,0
DA:49,0
DA:54,0
DA:71,0
DA:72,0
DA:77,0
DA:84,0
DA:85,0
DA:90,0
DA:97,0
DA:98,0
DA:103,0
DA:118,0
DA:119,0
DA:124,0
DA:125,0
DA:126,0
DA:129,0
DA:131,0
DA:132,0
DA:143,0
DA:144,0
DA:166,0
DA:167,0
DA:168,0
DA:171,0
DA:173,0
DA:174,0
DA:189,0
DA:190,0
DA:207,0
DA:208,0
DA:209,0
DA:212,0
DA:214,0
DA:215,0
DA:226,0
DA:228,0
DA:233,0
DA:234,0
DA:238,0
DA:241,0
DA:244,0
DA:245,0
DA:246,0
DA:249,0
DA:251,0
DA:252,0
DA:264,0
DA:265,0
DA:266,0
DA:267,0
DA:269,0
DA:290,0
DA:291,0
DA:292,0
DA:298,0
DA:303,0
DA:304,0
DA:315,0
DA:316,0
DA:318,0
DA:319,0
DA:320,0
DA:326,0
DA:327,0
DA:328,0
DA:331,0
DA:332,0
DA:339,0
DA:351,0
DA:352,0
DA:353,0
DA:359,0
DA:364,0
DA:365,0
DA:376,0
DA:377,0
DA:378,0
DA:379,0
DA:381,0
DA:402,0
DA:403,0
DA:404,0
DA:411,0
DA:412,0
DA:415,0
DA:420,0
DA:421,0
DA:432,0
DA:433,0
DA:434,0
DA:435,0
DA:437,0
DA:438,0
DA:444,0
DA:445,0
DA:448,0
DA:454,0
DA:455,0
DA:461,0
DA:462,0
DA:469,0
DA:470,0
DA:477,0
DA:490,0
DA:491,0
DA:492,0
DA:498,0
DA:503,0
DA:504,0
DA:515,0
DA:516,0
DA:517,0
DA:518,0
DA:519,0
DA:522,0
DA:528,0
DA:529,0
DA:535,0
DA:536,0
DA:543,0
DA:548,0
DA:549,0
DA:550,0
DA:556,0
DA:557,0
DA:564,0
DA:569,0
DA:570,0
DA:571,0
DA:577,0
DA:582,0
DA:583,0
DA:594,0
DA:595,0
DA:596,0
DA:597,0
DA:598,0
DA:601,0
DA:607,0
DA:608,0
DA:614,0
DA:615,0
DA:622,0
DA:628,0
DA:633,0
DA:634,0
DA:635,0
DA:641,0
DA:646,0
DA:647,0
DA:662,0
DA:663,0
DA:664,0
DA:665,0
DA:667,0
DA:668,0
DA:674,0
DA:675,0
DA:678,0
DA:684,0
DA:685,0
DA:691,0
DA:692,0
DA:699,0
DA:700,0
DA:701,0
DA:708,0
DA:714,0
DA:732,0
DA:733,0
DA:734,0
DA:740,0
DA:745,0
DA:746,0
DA:757,0
DA:758,0
DA:759,0
DA:760,0
DA:762,0
DA:763,0
DA:769,0
DA:770,0
DA:773,0
DA:779,0
DA:780,0
DA:786,0
DA:787,0
DA:794,0
DA:813,0
DA:814,0
DA:815,0
DA:821,0
DA:826,0
DA:827,0
DA:838,0
DA:839,0
DA:840,0
DA:841,0
DA:842,0
DA:845,0
DA:851,0
DA:852,0
DA:858,0
DA:859,0
DA:866,0
DA:871,0
DA:872,0
DA:873,0
DA:879,0
DA:880,0
DA:887,0
DA:893,0
DA:894,0
DA:895,0
DA:901,0
DA:906,0
DA:907,0
DA:918,0
DA:919,0
DA:920,0
DA:921,0
DA:923,0
DA:924,0
DA:930,0
DA:931,0
DA:934,0
DA:940,0
DA:941,0
DA:947,0
DA:948,0
DA:955,0
DA:956,0
DA:963,0
DA:965,0
DA:970,0
DA:971,0
DA:986,0
DA:987,0
DA:988,0
DA:989,0
DA:991,0
DA:993,0
DA:994,0
DA:1000,0
DA:1005,0
DA:1006,0
DA:1017,0
DA:1018,0
DA:1019,0
DA:1020,0
DA:1022,0
DA:1023,0
DA:1029,0
DA:1030,0
DA:1033,0
DA:1035,0
DA:1036,0
DA:1043,0
DA:1049,0
DA:1050,0
DA:1057,0
DA:1074,0
DA:1075,0
DA:1076,0
DA:1082,0
DA:1088,0
DA:1089,0
DA:1100,0
DA:1101,0
DA:1102,0
DA:1103,0
DA:1105,0
DA:1106,0
DA:1112,0
DA:1113,0
DA:1119,0
DA:1120,0
DA:1123,0
DA:1125,0
DA:1126,0
DA:1133,0
DA:1139,0
DA:1140,0
DA:1147,0
DA:1164,0
DA:1165,0
DA:1166,0
DA:1172,0
DA:1178,0
DA:1179,0
DA:1190,0
DA:1191,0
DA:1192,0
DA:1193,0
DA:1194,0
DA:1197,0
DA:1199,0
DA:1200,0
DA:1207,0
DA:1208,0
DA:1215,0
DA:1224,0
DA:1225,0
DA:1226,0
DA:1232,0
DA:1233,0
DA:1240,0
DA:1255,0
DA:1256,0
DA:1257,0
DA:1263,0
DA:1270,0
DA:1271,0
DA:1282,0
DA:1283,0
DA:1284,0
DA:1285,0
DA:1287,0
DA:1306,0
DA:1307,0
DA:1308,0
DA:1314,0
DA:1319,0
DA:1320,0
DA:1331,0
DA:1332,0
DA:1333,0
DA:1334,0
DA:1335,0
DA:1336,0
DA:1339,0
DA:1341,0
DA:1342,0
DA:1349,0
DA:1350,0
DA:1357,0
DA:1363,0
DA:1364,0
DA:1371,0
DA:1372,0
DA:1373,0
DA:1379,0
DA:1380,0
DA:1385,0
DA:1398,0
DA:1399,0
DA:1400,0
DA:1407,0
DA:1416,0
DA:1422,0
DA:1423,0
DA:1430,0
LF:359
LH:0
BRDA:71,0,0,0
BRDA:71,0,1,0
BRDA:84,1,0,0
BRDA:84,1,1,0
BRDA:84,2,0,0
BRDA:84,2,1,0
BRDA:97,3,0,0
BRDA:97,3,1,0
BRDA:124,4,0,0
BRDA:124,4,1,0
BRDA:166,5,0,0
BRDA:166,5,1,0
BRDA:188,6,0,0
BRDA:188,7,0,0
BRDA:194,8,0,0
BRDA:194,8,1,0
BRDA:194,9,0,0
BRDA:194,9,1,0
BRDA:207,10,0,0
BRDA:207,10,1,0
BRDA:233,11,0,0
BRDA:233,11,1,0
BRDA:233,12,0,0
BRDA:233,12,1,0
BRDA:233,12,2,0
BRDA:244,13,0,0
BRDA:244,13,1,0
BRDA:290,14,0,0
BRDA:290,14,1,0
BRDA:300,15,0,0
BRDA:300,15,1,0
BRDA:319,16,0,0
BRDA:319,16,1,0
BRDA:331,17,0,0
BRDA:331,17,1,0
BRDA:351,18,0,0
BRDA:351,18,1,0
BRDA:402,19,0,0
BRDA:402,19,1,0
BRDA:411,20,0,0
BRDA:411,20,1,0
BRDA:437,21,0,0
BRDA:437,21,1,0
BRDA:454,22,0,0
BRDA:454,22,1,0
BRDA:454,23,0,0
BRDA:454,23,1,0
BRDA:461,24,0,0
BRDA:461,24,1,0
BRDA:461,25,0,0
BRDA:461,25,1,0
BRDA:469,26,0,0
BRDA:469,26,1,0
BRDA:490,27,0,0
BRDA:490,27,1,0
BRDA:528,28,0,0
BRDA:528,28,1,0
BRDA:528,29,0,0
BRDA:528,29,1,0
BRDA:535,30,0,0
BRDA:535,30,1,0
BRDA:535,31,0,0
BRDA:535,31,1,0
BRDA:548,32,0,0
BRDA:548,32,1,0
BRDA:556,33,0,0
BRDA:556,33,1,0
BRDA:569,34,0,0
BRDA:569,34,1,0
BRDA:607,35,0,0
BRDA:607,35,1,0
BRDA:607,36,0,0
BRDA:607,36,1,0
BRDA:614,37,0,0
BRDA:614,37,1,0
BRDA:614,38,0,0
BRDA:614,38,1,0
BRDA:633,39,0,0
BRDA:633,39,1,0
BRDA:667,40,0,0
BRDA:667,40,1,0
BRDA:684,41,0,0
BRDA:684,41,1,0
BRDA:684,42,0,0
BRDA:684,42,1,0
BRDA:691,43,0,0
BRDA:691,43,1,0
BRDA:691,44,0,0
BRDA:691,44,1,0
BRDA:700,45,0,0
BRDA:700,45,1,0
BRDA:708,46,0,0
BRDA:708,46,1,0
BRDA:708,47,0,0
BRDA:708,47,1,0
BRDA:725,48,0,0
BRDA:725,48,1,0
BRDA:726,49,0,0
BRDA:726,49,1,0
BRDA:732,50,0,0
BRDA:732,50,1,0
BRDA:762,51,0,0
BRDA:762,51,1,0
BRDA:779,52,0,0
BRDA:779,52,1,0
BRDA:779,53,0,0
BRDA:779,53,1,0
BRDA:786,54,0,0
BRDA:786,54,1,0
BRDA:786,55,0,0
BRDA:786,55,1,0
BRDA:813,56,0,0
BRDA:813,56,1,0
BRDA:851,57,0,0
BRDA:851,57,1,0
BRDA:851,58,0,0
BRDA:851,58,1,0
BRDA:858,59,0,0
BRDA:858,59,1,0
BRDA:858,60,0,0
BRDA:858,60,1,0
BRDA:871,61,0,0
BRDA:871,61,1,0
BRDA:879,62,0,0
BRDA:879,62,1,0
BRDA:893,63,0,0
BRDA:893,63,1,0
BRDA:923,64,0,0
BRDA:923,64,1,0
BRDA:940,65,0,0
BRDA:940,65,1,0
BRDA:940,66,0,0
BRDA:940,66,1,0
BRDA:947,67,0,0
BRDA:947,67,1,0
BRDA:947,68,0,0
BRDA:947,68,1,0
BRDA:993,69,0,0
BRDA:993,69,1,0
BRDA:1022,70,0,0
BRDA:1022,70,1,0
BRDA:1035,71,0,0
BRDA:1035,71,1,0
BRDA:1035,72,0,0
BRDA:1035,72,1,0
BRDA:1049,73,0,0
BRDA:1049,73,1,0
BRDA:1074,74,0,0
BRDA:1074,74,1,0
BRDA:1105,75,0,0
BRDA:1105,75,1,0
BRDA:1112,76,0,0
BRDA:1112,76,1,0
BRDA:1125,77,0,0
BRDA:1125,77,1,0
BRDA:1125,78,0,0
BRDA:1125,78,1,0
BRDA:1139,79,0,0
BRDA:1139,79,1,0
BRDA:1164,80,0,0
BRDA:1164,80,1,0
BRDA:1199,81,0,0
BRDA:1199,81,1,0
BRDA:1199,82,0,0
BRDA:1199,82,1,0
BRDA:1207,83,0,0
BRDA:1207,83,1,0
BRDA:1224,84,0,0
BRDA:1224,84,1,0
BRDA:1232,85,0,0
BRDA:1232,85,1,0
BRDA:1255,86,0,0
BRDA:1255,86,1,0
BRDA:1306,87,0,0
BRDA:1306,87,1,0
BRDA:1316,88,0,0
BRDA:1316,88,1,0
BRDA:1341,89,0,0
BRDA:1341,89,1,0
BRDA:1341,90,0,0
BRDA:1341,90,1,0
BRDA:1349,91,0,0
BRDA:1349,91,1,0
BRDA:1363,92,0,0
BRDA:1363,92,1,0
BRDA:1372,93,0,0
BRDA:1372,93,1,0
BRDA:1379,94,0,0
BRDA:1379,94,1,0
BRDA:1379,95,0,0
BRDA:1379,95,1,0
BRDA:1398,96,0,0
BRDA:1398,96,1,0
BRF:193
BRH:0
end_of_record
TN:
SF:src/services/sectionStorage.js
FN:15,(anonymous_0)
FN:26,(anonymous_1)
FN:111,(anonymous_2)
FN:130,(anonymous_3)
FN:136,(anonymous_4)
FN:168,(anonymous_5)
FN:169,(anonymous_6)
FN:179,(anonymous_7)
FN:201,(anonymous_8)
FN:272,(anonymous_9)
FNF:10
FNH:6
FNDA:0,(anonymous_0)
FNDA:0,(anonymous_1)
FNDA:3,(anonymous_2)
FNDA:22,(anonymous_3)
FNDA:6,(anonymous_4)
FNDA:14,(anonymous_5)
FNDA:14,(anonymous_6)
FNDA:18,(anonymous_7)
FNDA:0,(anonymous_8)
FNDA:0,(anonymous_9)
DA:16,0
DA:17,0
DA:18,0
DA:21,0
DA:23,0
DA:26,0
DA:28,0
DA:51,0
DA:54,0
DA:55,0
DA:57,0
DA:58,0
DA:59,0
DA:61,0
DA:66,0
DA:67,0
DA:68,0
DA:71,0
DA:74,0
DA:77,0
DA:83,0
DA:84,0
DA:86,0
DA:89,0
DA:97,0
DA:98,0
DA:112,3
DA:113,3
DA:115,3
DA:116,14
DA:117,14
DA:120,14
DA:121,9
DA:125,14
DA:128,14
DA:129,8
DA:130,8
DA:131,22
DA:133,8
DA:136,6
DA:137,6
DA:139,6
DA:143,14
DA:157,14
DA:160,14
DA:167,3
DA:168,14
DA:169,14
DA:171,3
DA:180,18
DA:181,1
DA:184,17
DA:185,1
DA:189,16
DA:190,16
DA:192,16
DA:202,0
DA:204,0
DA:210,0
DA:211,0
DA:215,0
DA:216,0
DA:218,0
DA:219,0
DA:222,0
DA:223,0
DA:227,0
DA:228,0
DA:230,0
DA:237,0
DA:241,0
DA:242,0
DA:244,0
DA:245,0
DA:250,0
DA:251,0
DA:255,0
DA:258,0
DA:261,0
DA:262,0
DA:273,0
DA:274,0
DA:280,0
DA:281,0
DA:284,0
DA:287,0
DA:289,0
DA:290,0
DA:298,0
DA:299,0
DA:307,0
DA:308,0
DA:316,0
DA:317,0
DA:325,0
DA:335,0
DA:336,0
DA:344,2
LF:98
LH:31
BRDA:36,0,0,0
BRDA:36,0,1,0
BRDA:36,0,2,0
BRDA:37,1,0,0
BRDA:37,1,1,0
BRDA:37,1,2,0
BRDA:66,2,0,0
BRDA:66,2,1,0
BRDA:83,3,0,0
BRDA:83,3,1,0
BRDA:117,4,0,14
BRDA:117,4,1,6
BRDA:128,5,0,8
BRDA:128,5,1,6
BRDA:131,6,0,22
BRDA:131,6,1,3
BRDA:146,7,0,8
BRDA:146,7,1,6
BRDA:151,8,0,14
BRDA:151,8,1,0
BRDA:151,8,2,0
BRDA:152,9,0,14
BRDA:152,9,1,0
BRDA:153,10,0,14
BRDA:153,10,1,0
BRDA:153,10,2,0
BRDA:154,11,0,14
BRDA:154,11,1,14
BRDA:154,11,2,14
BRDA:154,12,0,14
BRDA:154,12,1,6
BRDA:154,13,0,14
BRDA:154,13,1,0
BRDA:180,14,0,1
BRDA:180,14,1,17
BRDA:184,15,0,1
BRDA:184,15,1,16
BRDA:189,16,0,16
BRDA:189,16,1,7
BRDA:190,17,0,16
BRDA:190,17,1,1
BRDA:192,18,0,16
BRDA:192,18,1,1
BRDA:210,19,0,0
BRDA:210,19,1,0
BRDA:227,20,0,0
BRDA:227,20,1,0
BRDA:227,21,0,0
BRDA:227,21,1,0
BRDA:241,22,0,0
BRDA:241,22,1,0
BRDA:250,23,0,0
BRDA:250,23,1,0
BRDA:280,24,0,0
BRDA:280,24,1,0
BRDA:289,25,0,0
BRDA:289,25,1,0
BRDA:289,26,0,0
BRDA:289,26,1,0
BRDA:298,27,0,0
BRDA:298,27,1,0
BRDA:298,28,0,0
BRDA:298,28,1,0
BRDA:307,29,0,0
BRDA:307,29,1,0
BRDA:307,30,0,0
BRDA:307,30,1,0
BRDA:316,31,0,0
BRDA:316,31,1,0
BRDA:316,32,0,0
BRDA:316,32,1,0
BRDA:329,33,0,0
BRDA:329,33,1,0
BRF:73
BRH:27
end_of_record
TN:
SF:src/services/setupService.js
FN:17,(anonymous_0)
FN:50,(anonymous_1)
FN:107,(anonymous_2)
FN:148,(anonymous_3)
FN:174,(anonymous_4)
FN:184,(anonymous_5)
FN:296,(anonymous_6)
FN:322,(anonymous_7)
FN:356,(anonymous_8)
FNF:9
FNH:2
FNDA:0,(anonymous_0)
FNDA:0,(anonymous_1)
FNDA:0,(anonymous_2)
FNDA:0,(anonymous_3)
FNDA:1,(anonymous_4)
FNDA:2,(anonymous_5)
FNDA:0,(anonymous_6)
FNDA:0,(anonymous_7)
FNDA:0,(anonymous_8)
DA:6,1
DA:7,1
DA:8,1
DA:9,1
DA:10,1
DA:11,1
DA:18,0
DA:19,0
DA:35,0
DA:36,0
DA:37,0
DA:40,0
DA:42,0
DA:43,0
DA:51,0
DA:53,0
DA:75,0
DA:92,0
DA:93,0
DA:94,0
DA:97,0
DA:99,0
DA:100,0
DA:108,0
DA:110,0
DA:121,0
DA:122,0
DA:123,0
DA:127,0
DA:148,0
DA:153,0
DA:157,0
DA:158,0
DA:160,0
DA:161,0
DA:164,0
DA:166,0
DA:167,0
DA:175,1
DA:177,1
DA:180,1
DA:181,1
DA:182,1
DA:183,1
DA:184,1
DA:185,2
DA:190,1
DA:192,0
DA:193,0
DA:200,0
DA:202,0
DA:203,0
DA:212,0
DA:228,0
DA:229,0
DA:230,0
DA:233,0
DA:234,0
DA:237,0
DA:244,0
DA:245,0
DA:247,0
DA:248,0
DA:255,0
DA:258,0
DA:263,0
DA:264,0
DA:265,0
DA:266,0
DA:268,0
DA:272,0
DA:273,0
DA:275,0
DA:278,0
DA:288,0
DA:289,0
DA:297,0
DA:299,0
DA:305,0
DA:306,0
DA:312,0
DA:314,0
DA:315,0
DA:323,0
DA:325,0
DA:336,0
DA:337,0
DA:338,0
DA:342,0
DA:343,0
DA:346,0
DA:348,0
DA:349,0
DA:357,0
DA:358,0
DA:359,0
DA:366,0
DA:372,0
DA:373,0
DA:381,0
DA:382,0
DA:385,0
DA:391,0
DA:394,0
DA:400,0
DA:403,0
DA:404,0
DA:406,0
DA:407,0
DA:408,0
DA:409,0
DA:410,0
DA:411,0
DA:412,0
DA:413,0
DA:414,0
DA:415,0
DA:416,0
DA:417,0
DA:419,0
DA:420,0
DA:423,0
DA:434,0
DA:435,0
DA:445,1
LF:125
LH:16
BRDA:23,0,0,0
BRDA:23,0,1,0
BRDA:25,1,0,0
BRDA:25,1,1,0
BRDA:26,2,0,0
BRDA:26,2,1,0
BRDA:27,3,0,0
BRDA:27,3,1,0
BRDA:35,4,0,0
BRDA:35,4,1,0
BRDA:54,5,0,0
BRDA:54,5,1,0
BRDA:70,6,0,0
BRDA:70,6,1,0
BRDA:81,7,0,0
BRDA:81,7,1,0
BRDA:82,8,0,0
BRDA:82,8,1,0
BRDA:83,9,0,0
BRDA:83,9,1,0
BRDA:92,10,0,0
BRDA:92,10,1,0
BRDA:114,11,0,0
BRDA:114,11,1,0
BRDA:121,12,0,0
BRDA:121,12,1,0
BRDA:127,13,0,0
BRDA:127,13,1,0
BRDA:157,14,0,0
BRDA:157,14,1,0
BRDA:182,15,0,1
BRDA:182,15,1,0
BRDA:183,16,0,1
BRDA:183,16,1,0
BRDA:192,17,0,0
BRDA:192,17,1,0
BRDA:195,18,0,0
BRDA:195,18,1,0
BRDA:202,19,0,0
BRDA:202,19,1,0
BRDA:216,20,0,0
BRDA:216,20,1,0
BRDA:228,21,0,0
BRDA:228,21,1,0
BRDA:244,22,0,0
BRDA:244,22,1,0
BRDA:263,23,0,0
BRDA:263,23,1,0
BRDA:265,24,0,0
BRDA:265,24,1,0
BRDA:265,25,0,0
BRDA:265,25,1,0
BRDA:305,26,0,0
BRDA:305,26,1,0
BRDA:305,27,0,0
BRDA:305,27,1,0
BRDA:336,28,0,0
BRDA:336,28,1,0
BRDA:342,29,0,0
BRDA:342,29,1,0
BRDA:358,30,0,0
BRDA:358,30,1,0
BRDA:372,31,0,0
BRDA:372,31,1,0
BRDA:372,32,0,0
BRDA:372,32,1,0
BRDA:391,33,0,0
BRDA:391,33,1,0
BRDA:400,34,0,0
BRDA:400,34,1,0
BRDA:406,35,0,0
BRDA:406,35,1,0
BRDA:409,36,0,0
BRDA:409,36,1,0
BRDA:412,37,0,0
BRDA:412,37,1,0
BRDA:415,38,0,0
BRDA:415,38,1,0
BRF:78
BRH:2
end_of_record
TN:
SF:src/setup/controllers/organization.controller.js
FN:13,(anonymous_0)
FN:18,(anonymous_1)
FN:29,(anonymous_2)
FN:42,(anonymous_3)
FN:80,(anonymous_4)
FN:82,(anonymous_5)
FNF:6
FNH:0
FNDA:0,(anonymous_0)
FNDA:0,(anonymous_1)
FNDA:0,(anonymous_2)
FNDA:0,(anonymous_3)
FNDA:0,(anonymous_4)
FNDA:0,(anonymous_5)
DA:6,0
DA:7,0
DA:8,0
DA:9,0
DA:12,0
DA:14,0
DA:15,0
DA:16,0
DA:19,0
DA:20,0
DA:24,0
DA:30,0
DA:31,0
DA:32,0
DA:34,0
DA:42,0
DA:43,0
DA:44,0
DA:46,0
DA:69,0
DA:70,0
DA:80,0
DA:82,0
DA:83,0
DA:84,0
DA:88,0
DA:89,0
DA:95,0
DA:96,0
DA:99,0
DA:106,0
DA:109,0
DA:112,0
DA:113,0
DA:121,0
DA:126,0
DA:127,0
LF:37
LH:0
BRDA:31,0,0,0
BRDA:31,0,1,0
BRDA:53,1,0,0
BRDA:53,1,1,0
BRDA:72,2,0,0
BRDA:72,2,1,0
BRDA:83,3,0,0
BRDA:83,3,1,0
BRDA:88,4,0,0
BRDA:88,4,1,0
BRDA:103,5,0,0
BRDA:103,5,1,0
BRDA:112,6,0,0
BRDA:112,6,1,0
BRF:14
BRH:0
end_of_record
TN:
SF:src/setup/controllers/welcome.controller.js
FN:11,(anonymous_0)
FNF:1
FNH:0
FNDA:0,(anonymous_0)
DA:6,0
DA:11,0
DA:12,0
DA:14,0
DA:15,0
DA:16,0
DA:20,0
DA:21,0
DA:27,0
DA:36,0
DA:37,0
LF:11
LH:0
BRDA:14,0,0,0
BRDA:14,0,1,0
BRDA:20,1,0,0
BRDA:20,1,1,0
BRDA:39,2,0,0
BRDA:39,2,1,0
BRF:6
BRH:0
end_of_record
TN:
SF:src/setup/middleware/setup-guard.middleware.js
FN:12,(anonymous_0)
FN:42,(anonymous_1)
FN:63,(anonymous_2)
FNF:3
FNH:0
FNDA:0,(anonymous_0)
FNDA:0,(anonymous_1)
FNDA:0,(anonymous_2)
DA:6,0
DA:12,0
DA:13,0
DA:15,0
DA:19,0
DA:21,0
DA:25,0
DA:28,0
DA:29,0
DA:32,0
DA:34,0
DA:42,0
DA:43,0
DA:44,0
DA:48,0
DA:49,0
DA:52,0
DA:54,0
DA:55,0
DA:63,0
DA:64,0
DA:65,0
DA:69,0
DA:70,0
DA:73,0
DA:76,0
LF:26
LH:0
BRDA:19,0,0,0
BRDA:19,0,1,0
BRDA:28,1,0,0
BRDA:28,1,1,0
BRDA:48,2,0,0
BRDA:48,2,1,0
BRDA:48,3,0,0
BRDA:48,3,1,0
BRDA:69,4,0,0
BRDA:69,4,1,0
BRF:10
BRH:0
end_of_record
TN:
SF:src/setup/routes/setup.routes.js
FN:24,(anonymous_0)
FNF:1
FNH:0
FNDA:0,(anonymous_0)
DA:6,0
DA:7,0
DA:8,0
DA:9,0
DA:10,0
DA:13,0
DA:14,0
DA:15,0
DA:16,0
DA:17,0
DA:18,0
DA:21,0
DA:24,0
DA:25,0
DA:26,0
DA:35,0
DA:39,0
DA:42,0
DA:43,0
DA:50,0
DA:51,0
DA:58,0
DA:59,0
DA:66,0
DA:67,0
DA:68,0
DA:69,0
DA:72,0
DA:75,0
DA:77,0
LF:30
LH:0
BRDA:25,0,0,0
BRDA:25,0,1,0
BRDA:35,1,0,0
BRDA:35,1,1,0
BRF:4
BRH:0
end_of_record
TN:
SF:src/utils/hierarchyDetector.js
FN:13,(anonymous_0)
FN:23,(anonymous_1)
FN:33,(anonymous_2)
FN:43,(anonymous_3)
FN:53,(anonymous_4)
FN:63,(anonymous_5)
FN:76,(anonymous_6)
FN:82,(anonymous_7)
FN:95,(anonymous_8)
FN:101,(anonymous_9)
FN:111,(anonymous_10)
FN:142,romanToArabic
FN:164,letterToNumber
FN:175,parseNumberingStyle
FN:241,analyzeStyleLevel
FN:289,detectHierarchyLevel
FN:315,buildSectionTree
FN:325,(anonymous_17)
FN:373,validateNumberingSequence
FN:383,(anonymous_19)
FN:394,(anonymous_20)
FN:431,getSectionPath
FN:434,traverse
FNF:23
FNH:23
FNDA:102,(anonymous_0)
FNDA:78,(anonymous_1)
FNDA:45,(anonymous_2)
FNDA:69,(anonymous_3)
FNDA:55,(anonymous_4)
FNDA:124,(anonymous_5)
FNDA:13,(anonymous_6)
FNDA:111,(anonymous_7)
FNDA:1,(anonymous_8)
FNDA:110,(anonymous_9)
FNDA:107,(anonymous_10)
FNDA:52,romanToArabic
FNDA:39,letterToNumber
FNDA:126,parseNumberingStyle
FNDA:18,analyzeStyleLevel
FNDA:67,detectHierarchyLevel
FNDA:10,buildSectionTree
FNDA:44,(anonymous_17)
FNDA:6,validateNumberingSequence
FNDA:14,(anonymous_19)
FNDA:5,(anonymous_20)
FNDA:3,getSectionPath
FNDA:5,traverse
DA:9,1
DA:14,102
DA:15,102
DA:24,78
DA:25,78
DA:34,45
DA:35,45
DA:44,69
DA:45,69
DA:54,55
DA:55,55
DA:64,124
DA:65,124
DA:66,13
DA:67,13
DA:74,111
DA:76,13
DA:83,111
DA:84,111
DA:85,1
DA:86,1
DA:93,110
DA:95,1
DA:102,110
DA:103,110
DA:112,107
DA:113,107
DA:122,1
DA:132,1
DA:143,52
DA:145,50
DA:146,50
DA:147,72
DA:148,72
DA:150,72
DA:151,10
DA:153,62
DA:156,50
DA:165,39
DA:166,37
DA:167,37
DA:176,126
DA:177,2
DA:180,124
DA:183,124
DA:195,124
DA:196,801
DA:197,801
DA:199,97
DA:200,97
DA:203,33
DA:204,33
DA:208,29
DA:209,29
DA:212,21
DA:213,21
DA:217,14
DA:218,14
DA:219,14
DA:220,14
DA:223,97
DA:232,27
DA:242,18
DA:245,18
DA:246,6
DA:247,6
DA:248,6
DA:249,6
DA:250,6
DA:256,12
DA:257,7
DA:258,7
DA:259,6
DA:260,5
DA:261,5
DA:262,3
DA:263,2
DA:264,0
DA:268,12
DA:269,2
DA:273,12
DA:275,4
DA:276,4
DA:279,12
DA:291,67
DA:294,67
DA:295,49
DA:298,49
DA:299,29
DA:300,29
DA:303,49
DA:307,18
DA:316,10
DA:317,1
DA:320,9
DA:321,9
DA:322,9
DA:323,9
DA:325,9
DA:326,44
DA:327,44
DA:328,44
DA:330,44
DA:331,37
DA:334,44
DA:336,44
DA:347,44
DA:348,18
DA:352,44
DA:355,44
DA:358,9
DA:374,6
DA:375,6
DA:377,6
DA:378,1
DA:382,5
DA:383,5
DA:384,14
DA:385,12
DA:386,12
DA:387,5
DA:389,12
DA:394,5
DA:395,5
DA:396,7
DA:397,7
DA:399,7
DA:400,2
DA:410,5
DA:411,1
DA:418,5
DA:432,3
DA:435,5
DA:436,6
DA:438,6
DA:439,2
DA:440,2
DA:443,4
DA:444,2
DA:445,2
DA:449,1
DA:452,3
DA:453,3
DA:456,1
LF:144
LH:143
BRDA:15,0,0,24
BRDA:15,0,1,78
BRDA:25,1,0,9
BRDA:25,1,1,69
BRDA:35,2,0,18
BRDA:35,2,1,27
BRDA:45,3,0,14
BRDA:45,3,1,55
BRDA:55,4,0,10
BRDA:55,4,1,45
BRDA:65,5,0,13
BRDA:65,5,1,111
BRDA:84,6,0,1
BRDA:84,6,1,110
BRDA:103,7,0,3
BRDA:103,7,1,107
BRDA:113,8,0,5
BRDA:113,8,1,102
BRDA:143,9,0,2
BRDA:143,9,1,50
BRDA:150,10,0,10
BRDA:150,10,1,62
BRDA:150,11,0,72
BRDA:150,11,1,22
BRDA:165,12,0,2
BRDA:165,12,1,37
BRDA:176,13,0,2
BRDA:176,13,1,124
BRDA:176,14,0,126
BRDA:176,14,1,124
BRDA:197,15,0,97
BRDA:197,15,1,704
BRDA:200,16,0,24
BRDA:200,16,1,33
BRDA:200,16,2,14
BRDA:200,16,3,24
BRDA:200,16,4,29
BRDA:200,16,5,18
BRDA:200,16,6,21
BRDA:200,16,7,13
BRDA:200,16,8,14
BRDA:219,17,0,14
BRDA:219,17,1,0
BRDA:219,17,2,0
BRDA:226,18,0,14
BRDA:226,18,1,83
BRDA:241,19,0,0
BRDA:241,20,0,0
BRDA:245,21,0,6
BRDA:245,21,1,12
BRDA:247,22,0,6
BRDA:247,22,1,0
BRDA:249,23,0,6
BRDA:249,23,1,0
BRDA:249,24,0,6
BRDA:249,24,1,6
BRDA:256,25,0,7
BRDA:256,25,1,5
BRDA:258,26,0,1
BRDA:258,26,1,6
BRDA:259,27,0,1
BRDA:259,27,1,5
BRDA:260,28,0,0
BRDA:260,28,1,5
BRDA:261,29,0,2
BRDA:261,29,1,3
BRDA:262,30,0,1
BRDA:262,30,1,2
BRDA:263,31,0,2
BRDA:263,31,1,0
BRDA:268,32,0,2
BRDA:268,32,1,10
BRDA:268,33,0,12
BRDA:268,33,1,2
BRDA:273,34,0,4
BRDA:273,34,1,8
BRDA:289,35,0,9
BRDA:289,36,0,19
BRDA:294,37,0,49
BRDA:294,37,1,18
BRDA:298,38,0,29
BRDA:298,38,1,20
BRDA:316,39,0,1
BRDA:316,39,1,9
BRDA:316,40,0,10
BRDA:316,40,1,10
BRDA:326,41,0,0
BRDA:326,42,0,0
BRDA:330,43,0,37
BRDA:330,43,1,7
BRDA:347,44,0,62
BRDA:347,44,1,49
BRDA:377,45,0,1
BRDA:377,45,1,5
BRDA:377,46,0,6
BRDA:377,46,1,6
BRDA:384,47,0,12
BRDA:384,47,1,2
BRDA:386,48,0,5
BRDA:386,48,1,7
BRDA:399,49,0,2
BRDA:399,49,1,5
BRDA:410,50,0,1
BRDA:410,50,1,4
BRDA:438,51,0,2
BRDA:438,51,1,4
BRDA:443,52,0,2
BRDA:443,52,1,2
BRDA:443,53,0,4
BRDA:443,53,1,4
BRDA:444,54,0,2
BRDA:444,54,1,0
BRF:112
BRH:101
end_of_record
